@I [HLS-0] Workspace /usr/userfs/d/drm511/embs/embs-summer/hls/tiler/solution1 opened at Thu May 15 10:45:06 BST 2014
@I [HLS-100] Command "config_clock -quiet -name default -period 20 -default=false "
@I [SYN-201] Setting up clock 'default' with a period of 20ns.
@I [HLS-100] Command 'config_clock' returned 0; elapsed 0Total elapsed time: 0.864 sec.
@I [HLS-100] Command "open_platform DefaultPlatform "
@I [HLS-100] Command 'open_platform' returned 0; elapsed 0Total elapsed time: 0.867 sec.
@I [HLS-100] Command "import_lib /opt/york/cs/pkg/xilinx-design-suite-14.3-x86_64-1/Vivado_HLS/2013.4/common/technology/xilinx/spartan3e/spartan3e "
@I [HLS-100] Command "source /opt/york/cs/pkg/xilinx-design-suite-14.3-x86_64-1/Vivado_HLS/2013.4/common/technology/xilinx/common/xilinx.lib "
@I [HLS-100] Command "source /opt/york/cs/pkg/xilinx-design-suite-14.3-x86_64-1/Vivado_HLS/2013.4/common/technology/xilinx/interface/xilinx_interface.lib "
@I [HLS-100] Command "source /opt/york/cs/pkg/xilinx-design-suite-14.3-x86_64-1/Vivado_HLS/2013.4/common/technology/xilinx/interface/plb46.lib "
@I [HLS-100] Command 'ap_source' returned 0; elapsed 0Total elapsed time: 0.876 sec.
@I [HLS-100] Command "source /opt/york/cs/pkg/xilinx-design-suite-14.3-x86_64-1/Vivado_HLS/2013.4/common/technology/xilinx/interface/fsl.lib "
@I [HLS-100] Command 'ap_source' returned 0; elapsed 0Total elapsed time: 0.877 sec.
@I [HLS-100] Command "source /opt/york/cs/pkg/xilinx-design-suite-14.3-x86_64-1/Vivado_HLS/2013.4/common/technology/xilinx/interface/axi4.lib "
@I [HLS-100] Command 'ap_source' returned 0; elapsed 0Total elapsed time: 0.879 sec.
@I [HLS-100] Command 'ap_source' returned 0; elapsed 0.01Total elapsed time: 0.880 sec.
@I [HLS-100] Command "source /opt/york/cs/pkg/xilinx-design-suite-14.3-x86_64-1/Vivado_HLS/2013.4/common/technology/xilinx/common/dsp48.lib "
@I [HLS-100] Command 'ap_source' returned 0; elapsed 0Total elapsed time: 0.881 sec.
@I [HLS-100] Command "source /opt/york/cs/pkg/xilinx-design-suite-14.3-x86_64-1/Vivado_HLS/2013.4/common/technology/xilinx/ip/xfft.lib "
@I [HLS-100] Command 'ap_source' returned 0; elapsed 0Total elapsed time: 0.884 sec.
@I [HLS-100] Command "source /opt/york/cs/pkg/xilinx-design-suite-14.3-x86_64-1/Vivado_HLS/2013.4/common/technology/xilinx/ip/xfir.lib "
@I [HLS-100] Command 'ap_source' returned 0; elapsed 0Total elapsed time: 0.885 sec.
@I [HLS-100] Command 'ap_source' returned 0; elapsed 0.01Total elapsed time: 0.890 sec.
@I [HLS-100] Command "source /opt/york/cs/pkg/xilinx-design-suite-14.3-x86_64-1/Vivado_HLS/2013.4/common/technology/xilinx/common/xilinx_old.lib "
@I [HLS-100] Command 'ap_source' returned 0; elapsed 0Total elapsed time: 0.893 sec.
@I [HLS-100] Command "source /opt/york/cs/pkg/xilinx-design-suite-14.3-x86_64-1/Vivado_HLS/2013.4/common/technology/xilinx/common/xilinx.hlp "
@I [HLS-100] Command "source /opt/york/cs/pkg/xilinx-design-suite-14.3-x86_64-1/Vivado_HLS/2013.4/common/technology/xilinx/common/target_info.tcl "
@I [HLS-100] Command 'ap_source' returned 0; elapsed 0Total elapsed time: 0.902 sec.
@I [HLS-100] Command "source /opt/york/cs/pkg/xilinx-design-suite-14.3-x86_64-1/Vivado_HLS/2013.4/common/technology/xilinx/common/dsp48.hlp "
@I [HLS-100] Command 'ap_source' returned 0; elapsed 0.01Total elapsed time: 0.906 sec.
@I [HLS-100] Command 'ap_source' returned 0; elapsed 0.01Total elapsed time: 0.906 sec.
@I [HLS-100] Command "get_default_platform "
@I [HLS-100] Command 'get_default_platform' returned 0; elapsed 0Total elapsed time: 0.907 sec.
@I [HLS-100] Command "config_chip_info -quiet -resource  {SLICE 8672} {LUT 17344} {MULT18x18 28} {BRAM 28}  "
@I [HLS-100] Command 'config_chip_info' returned 0; elapsed 0Total elapsed time: 0.907 sec.
@I [HLS-100] Command "config_chip_info -quiet -speed medium "
@I [HLS-100] Command 'config_chip_info' returned 0; elapsed 0Total elapsed time: 0.907 sec.
@I [HLS-100] Command 'import_lib' returned 0; elapsed 0.02Total elapsed time: 0.909 sec.
@I [HLS-100] Command "source /opt/york/cs/pkg/xilinx-design-suite-14.3-x86_64-1/Vivado_HLS/2013.4/common/technology/xilinx/spartan3e/spartan3e.gen "
@I [HLS-100] Command "source /opt/york/cs/pkg/xilinx-design-suite-14.3-x86_64-1/Vivado_HLS/2013.4/common/technology/xilinx/common/virtex.gen "
@I [HLS-100] Command "source /opt/york/cs/pkg/xilinx-design-suite-14.3-x86_64-1/Vivado_HLS/2013.4/common/technology/xilinx/common/xilinx.gen "
@I [HLS-100] Command "source /opt/york/cs/pkg/xilinx-design-suite-14.3-x86_64-1/Vivado_HLS/2013.4/common/technology/xilinx/interface/plb46.gen "
@I [HLS-100] Command 'ap_source' returned 0; elapsed 0.01Total elapsed time: 0.919 sec.
@I [HLS-100] Command "source /opt/york/cs/pkg/xilinx-design-suite-14.3-x86_64-1/Vivado_HLS/2013.4/common/technology/xilinx/interface/fsl.gen "
@I [HLS-100] Command 'ap_source' returned 0; elapsed 0Total elapsed time: 0.921 sec.
@I [HLS-100] Command "source /opt/york/cs/pkg/xilinx-design-suite-14.3-x86_64-1/Vivado_HLS/2013.4/common/technology/xilinx/interface/axi4.gen "
@I [HLS-100] Command 'ap_source' returned 0; elapsed 0Total elapsed time: 0.927 sec.
@I [HLS-100] Command "source /opt/york/cs/pkg/xilinx-design-suite-14.3-x86_64-1/Vivado_HLS/2013.4/common/technology/xilinx/scripts/xilinxcoregen.gen "
@I [HLS-100] Command 'ap_source' returned 0; elapsed 0.02Total elapsed time: 0.943 sec.
@I [HLS-100] Command "source /opt/york/cs/pkg/xilinx-design-suite-14.3-x86_64-1/Vivado_HLS/2013.4/common/technology/xilinx/interface/XilEDKCoreGen.gen "
@I [HLS-100] Command 'ap_source' returned 0; elapsed 0Total elapsed time: 0.951 sec.
@I [HLS-100] Command "source /opt/york/cs/pkg/xilinx-design-suite-14.3-x86_64-1/Vivado_HLS/2013.4/common/technology/xilinx/ip/util.gen "
@I [HLS-100] Command 'ap_source' returned 0; elapsed 0Total elapsed time: 0.954 sec.
@I [HLS-100] Command "source /opt/york/cs/pkg/xilinx-design-suite-14.3-x86_64-1/Vivado_HLS/2013.4/common/technology/xilinx/ip/xfft.gen "
@I [HLS-100] Command 'ap_source' returned 0; elapsed 0.11Total elapsed time: 1.64 sec.
@I [HLS-100] Command "source /opt/york/cs/pkg/xilinx-design-suite-14.3-x86_64-1/Vivado_HLS/2013.4/common/technology/xilinx/ip/xfir.gen "
@I [HLS-100] Command "source /opt/york/cs/pkg/xilinx-design-suite-14.3-x86_64-1/Vivado_HLS/2013.4/tps/tcl/tcllib1.11.1/struct/list.tcl "
@I [HLS-100] Command "source /opt/york/cs/pkg/xilinx-design-suite-14.3-x86_64-1/Vivado_HLS/2013.4/tps/tcl/tcllib1.11.1/cmdline/cmdline.tcl "
@I [HLS-100] Command 'ap_source' returned 0; elapsed 0Total elapsed time: 1.81 sec.
@I [HLS-100] Command 'ap_source' returned 0; elapsed 0Total elapsed time: 1.81 sec.
@I [HLS-100] Command "source /opt/york/cs/pkg/xilinx-design-suite-14.3-x86_64-1/Vivado_HLS/2013.4/tps/tcl/tcllib1.11.1/math/bignum.tcl "
@I [HLS-100] Command 'ap_source' returned 0; elapsed 0Total elapsed time: 1.86 sec.
@I [HLS-100] Command 'ap_source' returned 0; elapsed 0.03Total elapsed time: 1.92 sec.
@I [HLS-100] Command 'ap_source' returned 0; elapsed 0.17Total elapsed time: 1.92 sec.
@I [HLS-100] Command "source /opt/york/cs/pkg/xilinx-design-suite-14.3-x86_64-1/Vivado_HLS/2013.4/common/technology/xilinx/common/dsp48.gen "
@I [HLS-100] Command 'ap_source' returned 0; elapsed 0Total elapsed time: 1.95 sec.
@I [HLS-100] Command 'ap_source' returned 0; elapsed 0.17Total elapsed time: 1.95 sec.
@I [HLS-100] Command 'ap_source' returned 0; elapsed 0.17Total elapsed time: 1.95 sec.
@I [HLS-100] Command "open_platform DefaultPlatform "
@I [HLS-100] Command 'open_platform' returned 0; elapsed 0Total elapsed time: 1.96 sec.
@I [HLS-100] Command "import_lib /opt/york/cs/pkg/xilinx-design-suite-14.3-x86_64-1/Vivado_HLS/2013.4/common/technology/xilinx/spartan3e/spartan3e_fpv5 "
@I [HLS-100] Command "source /opt/york/cs/pkg/xilinx-design-suite-14.3-x86_64-1/Vivado_HLS/2013.4/common/technology/xilinx/common/xilinx_fpv5_old.lib "
@I [HLS-100] Command "source /opt/york/cs/pkg/xilinx-design-suite-14.3-x86_64-1/Vivado_HLS/2013.4/common/technology/xilinx/common/xilinx_fpv5.lib "
@I [HLS-100] Command 'ap_source' returned 0; elapsed 0Total elapsed time: 1.102 sec.
@I [HLS-100] Command 'ap_source' returned 0; elapsed 0Total elapsed time: 1.103 sec.
@I [HLS-100] Command 'import_lib' returned 0; elapsed 0Total elapsed time: 1.107 sec.
@I [HLS-100] Command "source /opt/york/cs/pkg/xilinx-design-suite-14.3-x86_64-1/Vivado_HLS/2013.4/common/technology/xilinx/spartan3e/spartan3e_fpv5.gen "
@I [HLS-100] Command "source /opt/york/cs/pkg/xilinx-design-suite-14.3-x86_64-1/Vivado_HLS/2013.4/common/technology/xilinx/common/xilinx_fpv5.gen "
@I [HLS-100] Command 'ap_source' returned 0; elapsed 0Total elapsed time: 1.111 sec.
@I [HLS-100] Command 'ap_source' returned 0; elapsed 0Total elapsed time: 1.111 sec.
@I [HLS-100] Command "set_part xc3s500efg320-4 "
@I [HLS-100] Command "add_library xilinx/spartan3e/spartan3e:xc3s500e:fg320:-4 "
@I [HLS-100] Command "get_default_platform "
@I [HLS-100] Command 'get_default_platform' returned 0; elapsed 0Total elapsed time: 1.116 sec.
@I [HLS-100] Command "license_exists VIVADO_HLS "
@I [HLS-100] Command 'license_exists' returned 0; elapsed 0Total elapsed time: 1.116 sec.
@I [HLS-100] Command "get_default_platform "
@I [HLS-100] Command 'get_default_platform' returned 0; elapsed 0Total elapsed time: 1.121 sec.
@I [HLS-100] Command "config_chip_info -quiet -resource  {SLICE 4656} {LUT 9312} {MULT18x18 20} {BRAM 20}  "
@I [HLS-100] Command 'config_chip_info' returned 0; elapsed 0Total elapsed time: 1.121 sec.
@I [HLS-100] Command "config_chip_info -quiet -speed medium "
@I [HLS-100] Command 'config_chip_info' returned 0; elapsed 0Total elapsed time: 1.121 sec.
@I [HLS-100] Command 'add_library' returned 0; elapsed 0Total elapsed time: 1.126 sec.
@I [HLS-100] Command "add_library xilinx/spartan3e/spartan3e_fpv5 "
@I [HLS-100] Command "get_default_platform "
@I [HLS-100] Command 'get_default_platform' returned 0; elapsed 0Total elapsed time: 1.128 sec.
@I [HLS-100] Command "license_exists VIVADO_HLS "
@I [HLS-100] Command 'license_exists' returned 0; elapsed 0Total elapsed time: 1.128 sec.
@I [HLS-100] Command 'add_library' returned 0; elapsed 0Total elapsed time: 1.132 sec.
@I [HLS-10] Setting target device to 'xc3s500efg320-4'
@I [HLS-100] Command 'set_part' returned 0; elapsed 0.01Total elapsed time: 1.133 sec.
@I [HLS-100] Command "get_default_platform "
@I [HLS-100] Command 'get_default_platform' returned 0; elapsed 0Total elapsed time: 1.133 sec.
@I [HLS-100] Command "config_chip_info -quiet -resource  {SLICE 4656} {LUT 9312} {MULT18x18 20} {BRAM 20}  "
@I [HLS-100] Command 'config_chip_info' returned 0; elapsed 0Total elapsed time: 1.133 sec.
@I [HLS-100] Command "config_chip_info -quiet -speed medium "
@I [HLS-100] Command 'config_chip_info' returned 0; elapsed 0Total elapsed time: 1.133 sec.
@I [HLS-100] Command 'open_solution' returned 0; elapsed 0.21Total elapsed time: 1.136 sec.
@I [HLS-100] Command "export_design -format pcore -version 1.00.a -use_netlist none "
@I [HLS-100] Command "source /usr/userfs/d/drm511/embs/embs-summer/hls/tiler/solution1/.autopilot/db/global.setting.tcl "
@I [HLS-100] Command 'ap_source' returned 0; elapsed 0Total elapsed time: 1.147 sec.
@I [HLS-100] Command "source /opt/york/cs/pkg/xilinx-design-suite-14.3-x86_64-1/Vivado_HLS/2013.4/common/technology/generic/autopilot/common.gen "
@I [HLS-100] Command "source /opt/york/cs/pkg/xilinx-design-suite-14.3-x86_64-1/Vivado_HLS/2013.4/common/technology/generic/autopilot/APCoreGen.gen "
@I [HLS-100] Command 'ap_source' returned 0; elapsed 0Total elapsed time: 1.169 sec.
@I [HLS-100] Command 'ap_source' returned 0; elapsed 0Total elapsed time: 1.170 sec.
@I [HLS-100] Command "source /opt/york/cs/pkg/xilinx-design-suite-14.3-x86_64-1/Vivado_HLS/2013.4/common/technology/generic/autopilot/op.gen "
@I [HLS-100] Command 'ap_source' returned 0; elapsed 0Total elapsed time: 1.172 sec.
@I [HLS-100] Command "source /opt/york/cs/pkg/xilinx-design-suite-14.3-x86_64-1/Vivado_HLS/2013.4/common/technology/generic/autopilot/op_simcore.gen "
@I [HLS-100] Command 'ap_source' returned 0; elapsed 0.01Total elapsed time: 1.175 sec.
@I [HLS-100] Command "source /opt/york/cs/pkg/xilinx-design-suite-14.3-x86_64-1/Vivado_HLS/2013.4/common/technology/generic/autopilot/interface.gen "
@I [HLS-100] Command 'ap_source' returned 0; elapsed 0Total elapsed time: 1.177 sec.
@I [HLS-100] Command "source /usr/userfs/d/drm511/embs/embs-summer/hls/tiler/solution1/.autopilot/db/global.setting.tcl "
@I [HLS-100] Command 'ap_source' returned 0; elapsed 0Total elapsed time: 1.178 sec.
@I [HLS-100] Command "source /opt/york/cs/pkg/xilinx-design-suite-14.3-x86_64-1/Vivado_HLS/2013.4/common/technology/xilinx/spartan3e/spartan3e.gen "
@I [HLS-100] Command "source /opt/york/cs/pkg/xilinx-design-suite-14.3-x86_64-1/Vivado_HLS/2013.4/common/technology/xilinx/common/virtex.gen "
@I [HLS-100] Command "source /opt/york/cs/pkg/xilinx-design-suite-14.3-x86_64-1/Vivado_HLS/2013.4/common/technology/xilinx/common/xilinx.gen "
@I [HLS-100] Command "source /opt/york/cs/pkg/xilinx-design-suite-14.3-x86_64-1/Vivado_HLS/2013.4/common/technology/xilinx/interface/plb46.gen "
@I [HLS-100] Command 'ap_source' returned 0; elapsed 0Total elapsed time: 1.187 sec.
@I [HLS-100] Command "source /opt/york/cs/pkg/xilinx-design-suite-14.3-x86_64-1/Vivado_HLS/2013.4/common/technology/xilinx/interface/fsl.gen "
@I [HLS-100] Command 'ap_source' returned 0; elapsed 0Total elapsed time: 1.190 sec.
@I [HLS-100] Command "source /opt/york/cs/pkg/xilinx-design-suite-14.3-x86_64-1/Vivado_HLS/2013.4/common/technology/xilinx/interface/axi4.gen "
@I [HLS-100] Command 'ap_source' returned 0; elapsed 0Total elapsed time: 1.196 sec.
@I [HLS-100] Command "source /opt/york/cs/pkg/xilinx-design-suite-14.3-x86_64-1/Vivado_HLS/2013.4/common/technology/xilinx/scripts/xilinxcoregen.gen "
@I [HLS-100] Command 'ap_source' returned 0; elapsed 0.02Total elapsed time: 1.214 sec.
@I [HLS-100] Command "source /opt/york/cs/pkg/xilinx-design-suite-14.3-x86_64-1/Vivado_HLS/2013.4/common/technology/xilinx/interface/XilEDKCoreGen.gen "
@I [HLS-100] Command 'ap_source' returned 0; elapsed 0.01Total elapsed time: 1.231 sec.
@I [HLS-100] Command "source /opt/york/cs/pkg/xilinx-design-suite-14.3-x86_64-1/Vivado_HLS/2013.4/common/technology/xilinx/ip/util.gen "
@I [HLS-100] Command 'ap_source' returned 0; elapsed 0Total elapsed time: 1.234 sec.
@I [HLS-100] Command "source /opt/york/cs/pkg/xilinx-design-suite-14.3-x86_64-1/Vivado_HLS/2013.4/common/technology/xilinx/ip/xfft.gen "
@I [HLS-100] Command 'ap_source' returned 0; elapsed 0.11Total elapsed time: 1.339 sec.
@I [HLS-100] Command "source /opt/york/cs/pkg/xilinx-design-suite-14.3-x86_64-1/Vivado_HLS/2013.4/common/technology/xilinx/ip/xfir.gen "
@I [HLS-100] Command 'ap_source' returned 0; elapsed 0.02Total elapsed time: 1.361 sec.
@I [HLS-100] Command 'ap_source' returned 0; elapsed 0.17Total elapsed time: 1.361 sec.
@I [HLS-100] Command "source /opt/york/cs/pkg/xilinx-design-suite-14.3-x86_64-1/Vivado_HLS/2013.4/common/technology/xilinx/common/dsp48.gen "
@I [HLS-100] Command 'ap_source' returned 0; elapsed 0Total elapsed time: 1.364 sec.
@I [HLS-100] Command 'ap_source' returned 0; elapsed 0.17Total elapsed time: 1.364 sec.
@I [HLS-100] Command 'ap_source' returned 0; elapsed 0.17Total elapsed time: 1.364 sec.
@I [HLS-100] Command "source /opt/york/cs/pkg/xilinx-design-suite-14.3-x86_64-1/Vivado_HLS/2013.4/common/technology/xilinx/spartan3e/spartan3e_fpv5.gen "
@I [HLS-100] Command "source /opt/york/cs/pkg/xilinx-design-suite-14.3-x86_64-1/Vivado_HLS/2013.4/common/technology/xilinx/common/xilinx_fpv5.gen "
@I [HLS-100] Command 'ap_source' returned 0; elapsed 0Total elapsed time: 1.367 sec.
@I [HLS-100] Command 'ap_source' returned 0; elapsed 0Total elapsed time: 1.367 sec.
@I [HLS-100] Command "source /usr/userfs/d/drm511/embs/embs-summer/hls/tiler/solution1/.autopilot/db/global.setting.tcl "
@I [HLS-100] Command 'ap_source' returned 0; elapsed 0Total elapsed time: 1.369 sec.
@I [HLS-100] Command "source /usr/userfs/d/drm511/embs/embs-summer/hls/tiler/solution1/.autopilot/db/global.setting.tcl "
@I [HLS-100] Command 'ap_source' returned 0; elapsed 0Total elapsed time: 1.380 sec.
@I [IMPL-8] Exporting the design as a Pcore for EDK.
@I [HLS-100] Command "source /usr/userfs/d/drm511/embs/embs-summer/hls/tiler/solution1/.autopilot/db/global.setting.tcl "
@I [HLS-100] Command 'ap_source' returned 0; elapsed 0Total elapsed time: 1.383 sec.
@I [HLS-100] Command "source /usr/userfs/d/drm511/embs/embs-summer/hls/tiler/solution1/.autopilot/db/global.setting.tcl "
@I [HLS-100] Command 'ap_source' returned 0; elapsed 0Total elapsed time: 1.401 sec.
@I [HLS-100] Command "source /opt/york/cs/pkg/xilinx-design-suite-14.3-x86_64-1/Vivado_HLS/2013.4/common/technology/generic/autopilot/common.gen "
@I [HLS-100] Command "source /opt/york/cs/pkg/xilinx-design-suite-14.3-x86_64-1/Vivado_HLS/2013.4/common/technology/generic/autopilot/APCoreGen.gen "
@I [HLS-100] Command 'ap_source' returned 0; elapsed 0.01Total elapsed time: 1.406 sec.
@I [HLS-100] Command 'ap_source' returned 0; elapsed 0.01Total elapsed time: 1.407 sec.
@I [HLS-100] Command "source /opt/york/cs/pkg/xilinx-design-suite-14.3-x86_64-1/Vivado_HLS/2013.4/common/technology/generic/autopilot/op.gen "
@I [HLS-100] Command 'ap_source' returned 0; elapsed 0Total elapsed time: 1.409 sec.
@I [HLS-100] Command "source /opt/york/cs/pkg/xilinx-design-suite-14.3-x86_64-1/Vivado_HLS/2013.4/common/technology/generic/autopilot/op_simcore.gen "
@I [HLS-100] Command 'ap_source' returned 0; elapsed 0Total elapsed time: 1.412 sec.
@I [HLS-100] Command "source /opt/york/cs/pkg/xilinx-design-suite-14.3-x86_64-1/Vivado_HLS/2013.4/common/technology/generic/autopilot/interface.gen "
@I [HLS-100] Command 'ap_source' returned 0; elapsed 0Total elapsed time: 1.414 sec.
@I [HLS-100] Command "source /usr/userfs/d/drm511/embs/embs-summer/hls/tiler/solution1/.autopilot/db/global.setting.tcl "
@I [HLS-100] Command 'ap_source' returned 0; elapsed 0Total elapsed time: 1.416 sec.
@I [HLS-100] Command "source /opt/york/cs/pkg/xilinx-design-suite-14.3-x86_64-1/Vivado_HLS/2013.4/common/technology/xilinx/spartan3e/spartan3e.gen "
@I [HLS-100] Command "source /opt/york/cs/pkg/xilinx-design-suite-14.3-x86_64-1/Vivado_HLS/2013.4/common/technology/xilinx/common/virtex.gen "
@I [HLS-100] Command "source /opt/york/cs/pkg/xilinx-design-suite-14.3-x86_64-1/Vivado_HLS/2013.4/common/technology/xilinx/common/xilinx.gen "
@I [HLS-100] Command "source /opt/york/cs/pkg/xilinx-design-suite-14.3-x86_64-1/Vivado_HLS/2013.4/common/technology/xilinx/interface/plb46.gen "
@I [HLS-100] Command 'ap_source' returned 0; elapsed 0Total elapsed time: 1.433 sec.
@I [HLS-100] Command "source /opt/york/cs/pkg/xilinx-design-suite-14.3-x86_64-1/Vivado_HLS/2013.4/common/technology/xilinx/interface/fsl.gen "
@I [HLS-100] Command 'ap_source' returned 0; elapsed 0Total elapsed time: 1.436 sec.
@I [HLS-100] Command "source /opt/york/cs/pkg/xilinx-design-suite-14.3-x86_64-1/Vivado_HLS/2013.4/common/technology/xilinx/interface/axi4.gen "
@I [HLS-100] Command 'ap_source' returned 0; elapsed 0.01Total elapsed time: 1.441 sec.
@I [HLS-100] Command "source /opt/york/cs/pkg/xilinx-design-suite-14.3-x86_64-1/Vivado_HLS/2013.4/common/technology/xilinx/scripts/xilinxcoregen.gen "
@I [HLS-100] Command 'ap_source' returned 0; elapsed 0.02Total elapsed time: 1.458 sec.
@I [HLS-100] Command "source /opt/york/cs/pkg/xilinx-design-suite-14.3-x86_64-1/Vivado_HLS/2013.4/common/technology/xilinx/interface/XilEDKCoreGen.gen "
@I [HLS-100] Command 'ap_source' returned 0; elapsed 0Total elapsed time: 1.466 sec.
@I [HLS-100] Command "source /opt/york/cs/pkg/xilinx-design-suite-14.3-x86_64-1/Vivado_HLS/2013.4/common/technology/xilinx/ip/util.gen "
@I [HLS-100] Command 'ap_source' returned 0; elapsed 0Total elapsed time: 1.469 sec.
@I [HLS-100] Command "source /opt/york/cs/pkg/xilinx-design-suite-14.3-x86_64-1/Vivado_HLS/2013.4/common/technology/xilinx/ip/xfft.gen "
@I [HLS-100] Command 'ap_source' returned 0; elapsed 0.1Total elapsed time: 1.574 sec.
@I [HLS-100] Command "source /opt/york/cs/pkg/xilinx-design-suite-14.3-x86_64-1/Vivado_HLS/2013.4/common/technology/xilinx/ip/xfir.gen "
@I [HLS-100] Command 'ap_source' returned 0; elapsed 0.02Total elapsed time: 1.597 sec.
@I [HLS-100] Command 'ap_source' returned 0; elapsed 0.15Total elapsed time: 1.597 sec.
@I [HLS-100] Command "source /opt/york/cs/pkg/xilinx-design-suite-14.3-x86_64-1/Vivado_HLS/2013.4/common/technology/xilinx/common/dsp48.gen "
@I [HLS-100] Command 'ap_source' returned 0; elapsed 0Total elapsed time: 1.599 sec.
@I [HLS-100] Command 'ap_source' returned 0; elapsed 0.15Total elapsed time: 1.599 sec.
@I [HLS-100] Command 'ap_source' returned 0; elapsed 0.15Total elapsed time: 1.599 sec.
@I [HLS-100] Command "source /opt/york/cs/pkg/xilinx-design-suite-14.3-x86_64-1/Vivado_HLS/2013.4/common/technology/xilinx/spartan3e/spartan3e_fpv5.gen "
@I [HLS-100] Command "source /opt/york/cs/pkg/xilinx-design-suite-14.3-x86_64-1/Vivado_HLS/2013.4/common/technology/xilinx/common/xilinx_fpv5.gen "
@I [HLS-100] Command 'ap_source' returned 0; elapsed 0Total elapsed time: 1.603 sec.
@I [HLS-100] Command 'ap_source' returned 0; elapsed 0Total elapsed time: 1.603 sec.
@I [HLS-100] Command "source /usr/userfs/d/drm511/embs/embs-summer/hls/tiler/solution1/.autopilot/db/down.compgen.tcl "
@I [HLS-100] Command 'ap_source' returned 0; elapsed 0Total elapsed time: 1.607 sec.
@I [HLS-100] Command "source /usr/userfs/d/drm511/embs/embs-summer/hls/tiler/solution1/.autopilot/db/right_r.compgen.tcl "
@I [HLS-100] Command 'ap_source' returned 0; elapsed 0Total elapsed time: 1.609 sec.
@I [HLS-100] Command "source /usr/userfs/d/drm511/embs/embs-summer/hls/tiler/solution1/.autopilot/db/backtrack.compgen.tcl "
@I [HLS-100] Command 'ap_source' returned 0; elapsed 0Total elapsed time: 1.612 sec.
@I [HLS-100] Command "source /usr/userfs/d/drm511/embs/embs-summer/hls/tiler/solution1/.autopilot/db/check.compgen.tcl "
@I [HLS-100] Command 'ap_source' returned 0; elapsed 0Total elapsed time: 1.614 sec.
@I [HLS-100] Command "source /usr/userfs/d/drm511/embs/embs-summer/hls/tiler/solution1/.autopilot/db/toplevel.compgen.tcl "
@I [HLS-100] Command 'ap_source' returned 0; elapsed 0Total elapsed time: 1.616 sec.
@I [HLS-100] Command "source /usr/userfs/d/drm511/embs/embs-summer/hls/tiler/solution1/.autopilot/db/down.compgen.tcl "
@I [HLS-100] Command 'ap_source' returned 0; elapsed 0Total elapsed time: 1.979 sec.
@I [HLS-100] Command "source /usr/userfs/d/drm511/embs/embs-summer/hls/tiler/solution1/.autopilot/db/right_r.compgen.tcl "
@I [HLS-100] Command 'ap_source' returned 0; elapsed 0Total elapsed time: 1.983 sec.
@I [HLS-100] Command "source /usr/userfs/d/drm511/embs/embs-summer/hls/tiler/solution1/.autopilot/db/backtrack.compgen.tcl "
@I [HLS-100] Command 'ap_source' returned 0; elapsed 0Total elapsed time: 1.985 sec.
@I [HLS-100] Command "source /usr/userfs/d/drm511/embs/embs-summer/hls/tiler/solution1/.autopilot/db/check.compgen.tcl "
@I [HLS-100] Command 'ap_source' returned 0; elapsed 0Total elapsed time: 1.989 sec.
@I [HLS-100] Command "source /usr/userfs/d/drm511/embs/embs-summer/hls/tiler/solution1/.autopilot/db/toplevel.compgen.tcl "
@I [HLS-100] Command "source /usr/userfs/d/drm511/embs/embs-summer/hls/tiler/solution1/.autopilot/db/toplevel.rtl_wrap.cfg.tcl "
@I [HLS-100] Command 'ap_source' returned 0; elapsed 0Total elapsed time: 2.0 sec.
@I [HLS-100] Command "source /usr/userfs/d/drm511/embs/embs-summer/hls/tiler/solution1/.autopilot/db/toplevel.rtl_wrap.cfg.tcl "
@I [HLS-100] Command 'ap_source' returned 0; elapsed 0.01Total elapsed time: 2.5 sec.
@I [HLS-100] Command "source /usr/userfs/d/drm511/embs/embs-summer/hls/tiler/solution1/.autopilot/db/toplevel.tbgen.tcl "
@I [HLS-100] Command 'ap_source' returned 0; elapsed 0Total elapsed time: 2.8 sec.
@I [HLS-100] Command "source /usr/userfs/d/drm511/embs/embs-summer/hls/tiler/solution1/.autopilot/db/toplevel.tbgen.tcl "
@I [HLS-100] Command 'ap_source' returned 0; elapsed 0Total elapsed time: 2.12 sec.
@I [IMPL-200] Port 'input_V_V' is mapped to 'TDATA' by default.
@I [IMPL-200] Port 'output_V_V' is mapped to 'TDATA' by default.
@I [HLS-100] Command 'ap_source' returned 0; elapsed 0.05Total elapsed time: 2.340 sec.
@I [HLS-100] Command "source /usr/userfs/d/drm511/embs/embs-summer/hls/tiler/solution1/.autopilot/db/down.compgen.tcl "
@I [HLS-100] Command 'ap_source' returned 0; elapsed 0Total elapsed time: 2.559 sec.
@I [HLS-100] Command "source /usr/userfs/d/drm511/embs/embs-summer/hls/tiler/solution1/.autopilot/db/right_r.compgen.tcl "
@I [HLS-100] Command 'ap_source' returned 0; elapsed 0Total elapsed time: 2.563 sec.
@I [HLS-100] Command "source /usr/userfs/d/drm511/embs/embs-summer/hls/tiler/solution1/.autopilot/db/backtrack.compgen.tcl "
@I [HLS-100] Command 'ap_source' returned 0; elapsed 0Total elapsed time: 2.567 sec.
@I [HLS-100] Command "source /usr/userfs/d/drm511/embs/embs-summer/hls/tiler/solution1/.autopilot/db/check.compgen.tcl "
@I [HLS-100] Command 'ap_source' returned 0; elapsed 0Total elapsed time: 2.571 sec.
@I [HLS-100] Command "source /usr/userfs/d/drm511/embs/embs-summer/hls/tiler/solution1/.autopilot/db/toplevel.compgen.tcl "
@I [HLS-100] Command 'ap_source' returned 0; elapsed 0Total elapsed time: 2.574 sec.
@I [HLS-100] Command "source /usr/userfs/d/drm511/embs/embs-summer/hls/tiler/solution1/.autopilot/db/global.setting.tcl "
@I [HLS-100] Command 'ap_source' returned 0; elapsed 0Total elapsed time: 3.499 sec.
@I [HLS-100] Command "source /usr/userfs/d/drm511/embs/embs-summer/hls/tiler/solution1/.autopilot/db/toplevel.constraint.tcl "
@I [HLS-100] Command 'ap_source' returned 0; elapsed 0Total elapsed time: 3.509 sec.
@I [HLS-100] Command "source /usr/userfs/d/drm511/embs/embs-summer/hls/tiler/solution1/.autopilot/db/global.setting.tcl "
@I [HLS-100] Command 'ap_source' returned 0; elapsed 0Total elapsed time: 3.918 sec.
@I [HLS-100] Command "source /usr/userfs/d/drm511/embs/embs-summer/hls/tiler/solution1/.autopilot/db/global.setting.tcl "
@I [HLS-100] Command 'ap_source' returned 0; elapsed 0Total elapsed time: 3.981 sec.
@I [HLS-100] Command "source /usr/userfs/d/drm511/embs/embs-summer/hls/tiler/solution1/.autopilot/db/toplevel.constraint.tcl "
@I [HLS-100] Command 'ap_source' returned 0; elapsed 0Total elapsed time: 3.990 sec.
@I [HLS-100] Command "source /usr/userfs/d/drm511/embs/embs-summer/hls/tiler/solution1/.autopilot/db/toplevel.constraint.tcl "
@I [HLS-100] Command 'ap_source' returned 0; elapsed 0Total elapsed time: 3.994 sec.
@I [HLS-100] Command "source /opt/york/cs/pkg/xilinx-design-suite-14.3-x86_64-1/Vivado_HLS/2013.4/common/technology/generic/autopilot/common.gen "
@I [HLS-100] Command "source /opt/york/cs/pkg/xilinx-design-suite-14.3-x86_64-1/Vivado_HLS/2013.4/common/technology/generic/autopilot/APCoreGen.gen "
@I [HLS-100] Command 'ap_source' returned 0; elapsed 0Total elapsed time: 4.97 sec.
@I [HLS-100] Command 'ap_source' returned 0; elapsed 0Total elapsed time: 4.98 sec.
@I [HLS-100] Command "source /opt/york/cs/pkg/xilinx-design-suite-14.3-x86_64-1/Vivado_HLS/2013.4/common/technology/generic/autopilot/op.gen "
@I [HLS-100] Command 'ap_source' returned 0; elapsed 0.01Total elapsed time: 4.100 sec.
@I [HLS-100] Command "source /opt/york/cs/pkg/xilinx-design-suite-14.3-x86_64-1/Vivado_HLS/2013.4/common/technology/generic/autopilot/op_simcore.gen "
@I [HLS-100] Command 'ap_source' returned 0; elapsed 0Total elapsed time: 4.105 sec.
@I [HLS-100] Command "source /opt/york/cs/pkg/xilinx-design-suite-14.3-x86_64-1/Vivado_HLS/2013.4/common/technology/generic/autopilot/interface.gen "
@I [HLS-100] Command 'ap_source' returned 0; elapsed 0Total elapsed time: 4.107 sec.
@I [HLS-100] Command "source /usr/userfs/d/drm511/embs/embs-summer/hls/tiler/solution1/.autopilot/db/global.setting.tcl "
@I [HLS-100] Command 'ap_source' returned 0; elapsed 0Total elapsed time: 4.109 sec.
@I [HLS-100] Command "source /opt/york/cs/pkg/xilinx-design-suite-14.3-x86_64-1/Vivado_HLS/2013.4/common/technology/xilinx/spartan3e/spartan3e.gen "
@I [HLS-100] Command "source /opt/york/cs/pkg/xilinx-design-suite-14.3-x86_64-1/Vivado_HLS/2013.4/common/technology/xilinx/common/virtex.gen "
@I [HLS-100] Command "source /opt/york/cs/pkg/xilinx-design-suite-14.3-x86_64-1/Vivado_HLS/2013.4/common/technology/xilinx/common/xilinx.gen "
@I [HLS-100] Command "source /opt/york/cs/pkg/xilinx-design-suite-14.3-x86_64-1/Vivado_HLS/2013.4/common/technology/xilinx/interface/plb46.gen "
@I [HLS-100] Command 'ap_source' returned 0; elapsed 0Total elapsed time: 4.119 sec.
@I [HLS-100] Command "source /opt/york/cs/pkg/xilinx-design-suite-14.3-x86_64-1/Vivado_HLS/2013.4/common/technology/xilinx/interface/fsl.gen "
@I [HLS-100] Command 'ap_source' returned 0; elapsed 0.01Total elapsed time: 4.122 sec.
@I [HLS-100] Command "source /opt/york/cs/pkg/xilinx-design-suite-14.3-x86_64-1/Vivado_HLS/2013.4/common/technology/xilinx/interface/axi4.gen "
@I [HLS-100] Command 'ap_source' returned 0; elapsed 0Total elapsed time: 4.128 sec.
@I [HLS-100] Command "source /opt/york/cs/pkg/xilinx-design-suite-14.3-x86_64-1/Vivado_HLS/2013.4/common/technology/xilinx/scripts/xilinxcoregen.gen "
@I [HLS-100] Command 'ap_source' returned 0; elapsed 0.02Total elapsed time: 4.146 sec.
@I [HLS-100] Command "source /opt/york/cs/pkg/xilinx-design-suite-14.3-x86_64-1/Vivado_HLS/2013.4/common/technology/xilinx/interface/XilEDKCoreGen.gen "
@I [HLS-100] Command 'ap_source' returned 0; elapsed 0Total elapsed time: 4.162 sec.
@I [HLS-100] Command "source /opt/york/cs/pkg/xilinx-design-suite-14.3-x86_64-1/Vivado_HLS/2013.4/common/technology/xilinx/ip/util.gen "
@I [HLS-100] Command 'ap_source' returned 0; elapsed 0Total elapsed time: 4.181 sec.
@I [HLS-100] Command "source /opt/york/cs/pkg/xilinx-design-suite-14.3-x86_64-1/Vivado_HLS/2013.4/common/technology/xilinx/ip/xfft.gen "
@I [HLS-100] Command 'ap_source' returned 0; elapsed 0.12Total elapsed time: 4.311 sec.
@I [HLS-100] Command "source /opt/york/cs/pkg/xilinx-design-suite-14.3-x86_64-1/Vivado_HLS/2013.4/common/technology/xilinx/ip/xfir.gen "
@I [HLS-100] Command 'ap_source' returned 0; elapsed 0.02Total elapsed time: 4.335 sec.
@I [HLS-100] Command 'ap_source' returned 0; elapsed 0.17Total elapsed time: 4.335 sec.
@I [HLS-100] Command "source /opt/york/cs/pkg/xilinx-design-suite-14.3-x86_64-1/Vivado_HLS/2013.4/common/technology/xilinx/common/dsp48.gen "
@I [HLS-100] Command 'ap_source' returned 0; elapsed 0Total elapsed time: 4.338 sec.
@I [HLS-100] Command 'ap_source' returned 0; elapsed 0.17Total elapsed time: 4.338 sec.
@I [HLS-100] Command 'ap_source' returned 0; elapsed 0.17Total elapsed time: 4.338 sec.
@I [HLS-100] Command "source /opt/york/cs/pkg/xilinx-design-suite-14.3-x86_64-1/Vivado_HLS/2013.4/common/technology/xilinx/spartan3e/spartan3e_fpv5.gen "
@I [HLS-100] Command "source /opt/york/cs/pkg/xilinx-design-suite-14.3-x86_64-1/Vivado_HLS/2013.4/common/technology/xilinx/common/xilinx_fpv5.gen "
@I [HLS-100] Command 'ap_source' returned 0; elapsed 0Total elapsed time: 4.342 sec.
@I [HLS-100] Command 'ap_source' returned 0; elapsed 0Total elapsed time: 4.342 sec.
@I [HLS-100] Command "source /usr/userfs/d/drm511/embs/embs-summer/hls/tiler/solution1/.autopilot/db/global.setting.tcl "
@I [HLS-100] Command 'ap_source' returned 0; elapsed 0Total elapsed time: 4.503 sec.
@I [HLS-100] Command "source /opt/york/cs/pkg/xilinx-design-suite-14.3-x86_64-1/Vivado_HLS/2013.4/common/technology/generic/autopilot/common.gen "
@I [HLS-100] Command "source /opt/york/cs/pkg/xilinx-design-suite-14.3-x86_64-1/Vivado_HLS/2013.4/common/technology/generic/autopilot/APCoreGen.gen "
@I [HLS-100] Command 'ap_source' returned 0; elapsed 0Total elapsed time: 4.535 sec.
@I [HLS-100] Command 'ap_source' returned 0; elapsed 0Total elapsed time: 4.536 sec.
@I [HLS-100] Command "source /opt/york/cs/pkg/xilinx-design-suite-14.3-x86_64-1/Vivado_HLS/2013.4/common/technology/generic/autopilot/op.gen "
@I [HLS-100] Command 'ap_source' returned 0; elapsed 0Total elapsed time: 4.539 sec.
@I [HLS-100] Command "source /opt/york/cs/pkg/xilinx-design-suite-14.3-x86_64-1/Vivado_HLS/2013.4/common/technology/generic/autopilot/op_simcore.gen "
@I [HLS-100] Command 'ap_source' returned 0; elapsed 0.01Total elapsed time: 4.542 sec.
@I [HLS-100] Command "source /opt/york/cs/pkg/xilinx-design-suite-14.3-x86_64-1/Vivado_HLS/2013.4/common/technology/generic/autopilot/interface.gen "
@I [HLS-100] Command 'ap_source' returned 0; elapsed 0Total elapsed time: 4.544 sec.
@I [HLS-100] Command "source /usr/userfs/d/drm511/embs/embs-summer/hls/tiler/solution1/.autopilot/db/global.setting.tcl "
@I [HLS-100] Command 'ap_source' returned 0; elapsed 0Total elapsed time: 4.546 sec.
@I [HLS-100] Command "source /opt/york/cs/pkg/xilinx-design-suite-14.3-x86_64-1/Vivado_HLS/2013.4/common/technology/xilinx/spartan3e/spartan3e.gen "
@I [HLS-100] Command "source /opt/york/cs/pkg/xilinx-design-suite-14.3-x86_64-1/Vivado_HLS/2013.4/common/technology/xilinx/common/virtex.gen "
@I [HLS-100] Command "source /opt/york/cs/pkg/xilinx-design-suite-14.3-x86_64-1/Vivado_HLS/2013.4/common/technology/xilinx/common/xilinx.gen "
@I [HLS-100] Command "source /opt/york/cs/pkg/xilinx-design-suite-14.3-x86_64-1/Vivado_HLS/2013.4/common/technology/xilinx/interface/plb46.gen "
@I [HLS-100] Command 'ap_source' returned 0; elapsed 0Total elapsed time: 4.556 sec.
@I [HLS-100] Command "source /opt/york/cs/pkg/xilinx-design-suite-14.3-x86_64-1/Vivado_HLS/2013.4/common/technology/xilinx/interface/fsl.gen "
@I [HLS-100] Command 'ap_source' returned 0; elapsed 0.01Total elapsed time: 4.559 sec.
@I [HLS-100] Command "source /opt/york/cs/pkg/xilinx-design-suite-14.3-x86_64-1/Vivado_HLS/2013.4/common/technology/xilinx/interface/axi4.gen "
@I [HLS-100] Command 'ap_source' returned 0; elapsed 0Total elapsed time: 4.566 sec.
@I [HLS-100] Command "source /opt/york/cs/pkg/xilinx-design-suite-14.3-x86_64-1/Vivado_HLS/2013.4/common/technology/xilinx/scripts/xilinxcoregen.gen "
@I [HLS-100] Command 'ap_source' returned 0; elapsed 0.02Total elapsed time: 4.582 sec.
@I [HLS-100] Command "source /opt/york/cs/pkg/xilinx-design-suite-14.3-x86_64-1/Vivado_HLS/2013.4/common/technology/xilinx/interface/XilEDKCoreGen.gen "
@I [HLS-100] Command 'ap_source' returned 0; elapsed 0Total elapsed time: 4.591 sec.
@I [HLS-100] Command "source /opt/york/cs/pkg/xilinx-design-suite-14.3-x86_64-1/Vivado_HLS/2013.4/common/technology/xilinx/ip/util.gen "
@I [HLS-100] Command 'ap_source' returned 0; elapsed 0Total elapsed time: 4.594 sec.
@I [HLS-100] Command "source /opt/york/cs/pkg/xilinx-design-suite-14.3-x86_64-1/Vivado_HLS/2013.4/common/technology/xilinx/ip/xfft.gen "
@I [HLS-100] Command 'ap_source' returned 0; elapsed 0.11Total elapsed time: 4.702 sec.
@I [HLS-100] Command "source /opt/york/cs/pkg/xilinx-design-suite-14.3-x86_64-1/Vivado_HLS/2013.4/common/technology/xilinx/ip/xfir.gen "
@I [HLS-100] Command 'ap_source' returned 0; elapsed 0.02Total elapsed time: 4.724 sec.
@I [HLS-100] Command 'ap_source' returned 0; elapsed 0.16Total elapsed time: 4.724 sec.
@I [HLS-100] Command "source /opt/york/cs/pkg/xilinx-design-suite-14.3-x86_64-1/Vivado_HLS/2013.4/common/technology/xilinx/common/dsp48.gen "
@I [HLS-100] Command 'ap_source' returned 0; elapsed 0Total elapsed time: 4.727 sec.
@I [HLS-100] Command 'ap_source' returned 0; elapsed 0.16Total elapsed time: 4.727 sec.
@I [HLS-100] Command 'ap_source' returned 0; elapsed 0.16Total elapsed time: 4.727 sec.
@I [HLS-100] Command "source /opt/york/cs/pkg/xilinx-design-suite-14.3-x86_64-1/Vivado_HLS/2013.4/common/technology/xilinx/spartan3e/spartan3e_fpv5.gen "
@I [HLS-100] Command "source /opt/york/cs/pkg/xilinx-design-suite-14.3-x86_64-1/Vivado_HLS/2013.4/common/technology/xilinx/common/xilinx_fpv5.gen "
@I [HLS-100] Command 'ap_source' returned 0; elapsed 0Total elapsed time: 4.732 sec.
@I [HLS-100] Command 'ap_source' returned 0; elapsed 0Total elapsed time: 4.732 sec.
@I [HLS-100] Command "source /usr/userfs/d/drm511/embs/embs-summer/hls/tiler/solution1/.autopilot/db/global.setting.tcl "
@I [HLS-100] Command 'ap_source' returned 0; elapsed 0Total elapsed time: 4.733 sec.
@I [HLS-100] Command "source /usr/userfs/d/drm511/embs/embs-summer/hls/tiler/solution1/.autopilot/db/global.setting.tcl "
@I [HLS-100] Command 'ap_source' returned 0; elapsed 0Total elapsed time: 4.750 sec.
@I [HLS-100] Command "source /usr/userfs/d/drm511/embs/embs-summer/hls/tiler/solution1/.autopilot/db/global.setting.tcl "
@I [HLS-100] Command 'ap_source' returned 0; elapsed 0Total elapsed time: 4.766 sec.
@I [HLS-100] Command "source /opt/york/cs/pkg/xilinx-design-suite-14.3-x86_64-1/Vivado_HLS/2013.4/common/technology/generic/autopilot/common.gen "
@I [HLS-100] Command "source /opt/york/cs/pkg/xilinx-design-suite-14.3-x86_64-1/Vivado_HLS/2013.4/common/technology/generic/autopilot/APCoreGen.gen "
@I [HLS-100] Command 'ap_source' returned 0; elapsed 0Total elapsed time: 4.796 sec.
@I [HLS-100] Command 'ap_source' returned 0; elapsed 0Total elapsed time: 4.796 sec.
@I [HLS-100] Command "source /opt/york/cs/pkg/xilinx-design-suite-14.3-x86_64-1/Vivado_HLS/2013.4/common/technology/generic/autopilot/op.gen "
@I [HLS-100] Command 'ap_source' returned 0; elapsed 0Total elapsed time: 4.799 sec.
@I [HLS-100] Command "source /opt/york/cs/pkg/xilinx-design-suite-14.3-x86_64-1/Vivado_HLS/2013.4/common/technology/generic/autopilot/op_simcore.gen "
@I [HLS-100] Command 'ap_source' returned 0; elapsed 0Total elapsed time: 4.802 sec.
@I [HLS-100] Command "source /opt/york/cs/pkg/xilinx-design-suite-14.3-x86_64-1/Vivado_HLS/2013.4/common/technology/generic/autopilot/interface.gen "
@I [HLS-100] Command 'ap_source' returned 0; elapsed 0Total elapsed time: 4.804 sec.
@I [HLS-100] Command "source /usr/userfs/d/drm511/embs/embs-summer/hls/tiler/solution1/.autopilot/db/global.setting.tcl "
@I [HLS-100] Command 'ap_source' returned 0; elapsed 0Total elapsed time: 4.806 sec.
@I [HLS-100] Command "source /opt/york/cs/pkg/xilinx-design-suite-14.3-x86_64-1/Vivado_HLS/2013.4/common/technology/xilinx/spartan3e/spartan3e.gen "
@I [HLS-100] Command "source /opt/york/cs/pkg/xilinx-design-suite-14.3-x86_64-1/Vivado_HLS/2013.4/common/technology/xilinx/common/virtex.gen "
@I [HLS-100] Command "source /opt/york/cs/pkg/xilinx-design-suite-14.3-x86_64-1/Vivado_HLS/2013.4/common/technology/xilinx/common/xilinx.gen "
@I [HLS-100] Command "source /opt/york/cs/pkg/xilinx-design-suite-14.3-x86_64-1/Vivado_HLS/2013.4/common/technology/xilinx/interface/plb46.gen "
@I [HLS-100] Command 'ap_source' returned 0; elapsed 0Total elapsed time: 4.815 sec.
@I [HLS-100] Command "source /opt/york/cs/pkg/xilinx-design-suite-14.3-x86_64-1/Vivado_HLS/2013.4/common/technology/xilinx/interface/fsl.gen "
@I [HLS-100] Command 'ap_source' returned 0; elapsed 0Total elapsed time: 4.817 sec.
@I [HLS-100] Command "source /opt/york/cs/pkg/xilinx-design-suite-14.3-x86_64-1/Vivado_HLS/2013.4/common/technology/xilinx/interface/axi4.gen "
@I [HLS-100] Command 'ap_source' returned 0; elapsed 0.01Total elapsed time: 4.823 sec.
@I [HLS-100] Command "source /opt/york/cs/pkg/xilinx-design-suite-14.3-x86_64-1/Vivado_HLS/2013.4/common/technology/xilinx/scripts/xilinxcoregen.gen "
@I [HLS-100] Command 'ap_source' returned 0; elapsed 0.01Total elapsed time: 4.841 sec.
@I [HLS-100] Command "source /opt/york/cs/pkg/xilinx-design-suite-14.3-x86_64-1/Vivado_HLS/2013.4/common/technology/xilinx/interface/XilEDKCoreGen.gen "
@I [HLS-100] Command 'ap_source' returned 0; elapsed 0.01Total elapsed time: 4.850 sec.
@I [HLS-100] Command "source /opt/york/cs/pkg/xilinx-design-suite-14.3-x86_64-1/Vivado_HLS/2013.4/common/technology/xilinx/ip/util.gen "
@I [HLS-100] Command 'ap_source' returned 0; elapsed 0Total elapsed time: 4.852 sec.
@I [HLS-100] Command "source /opt/york/cs/pkg/xilinx-design-suite-14.3-x86_64-1/Vivado_HLS/2013.4/common/technology/xilinx/ip/xfft.gen "
@I [HLS-100] Command 'ap_source' returned 0; elapsed 0.11Total elapsed time: 4.965 sec.
@I [HLS-100] Command "source /opt/york/cs/pkg/xilinx-design-suite-14.3-x86_64-1/Vivado_HLS/2013.4/common/technology/xilinx/ip/xfir.gen "
@I [HLS-100] Command 'ap_source' returned 0; elapsed 0.03Total elapsed time: 4.992 sec.
@I [HLS-100] Command 'ap_source' returned 0; elapsed 0.17Total elapsed time: 4.992 sec.
@I [HLS-100] Command "source /opt/york/cs/pkg/xilinx-design-suite-14.3-x86_64-1/Vivado_HLS/2013.4/common/technology/xilinx/common/dsp48.gen "
@I [HLS-100] Command 'ap_source' returned 0; elapsed 0Total elapsed time: 4.994 sec.
@I [HLS-100] Command 'ap_source' returned 0; elapsed 0.17Total elapsed time: 4.994 sec.
@I [HLS-100] Command 'ap_source' returned 0; elapsed 0.17Total elapsed time: 4.994 sec.
@I [HLS-100] Command "source /opt/york/cs/pkg/xilinx-design-suite-14.3-x86_64-1/Vivado_HLS/2013.4/common/technology/xilinx/spartan3e/spartan3e_fpv5.gen "
@I [HLS-100] Command "source /opt/york/cs/pkg/xilinx-design-suite-14.3-x86_64-1/Vivado_HLS/2013.4/common/technology/xilinx/common/xilinx_fpv5.gen "
@I [HLS-100] Command 'ap_source' returned 0; elapsed 0Total elapsed time: 4.998 sec.
@I [HLS-100] Command 'ap_source' returned 0; elapsed 0Total elapsed time: 4.999 sec.
@I [HLS-100] Command "source /usr/userfs/d/drm511/embs/embs-summer/hls/tiler/solution1/.autopilot/db/down.compgen.tcl "
@I [HLS-100] Command 'ap_source' returned 0; elapsed 0Total elapsed time: 5.2 sec.
@I [HLS-100] Command "source /usr/userfs/d/drm511/embs/embs-summer/hls/tiler/solution1/.autopilot/db/right_r.compgen.tcl "
@I [HLS-100] Command 'ap_source' returned 0; elapsed 0Total elapsed time: 5.4 sec.
@I [HLS-100] Command "source /usr/userfs/d/drm511/embs/embs-summer/hls/tiler/solution1/.autopilot/db/backtrack.compgen.tcl "
@I [HLS-100] Command 'ap_source' returned 0; elapsed 0Total elapsed time: 5.6 sec.
@I [HLS-100] Command "source /usr/userfs/d/drm511/embs/embs-summer/hls/tiler/solution1/.autopilot/db/check.compgen.tcl "
@I [HLS-100] Command 'ap_source' returned 0; elapsed 0Total elapsed time: 5.8 sec.
@I [HLS-100] Command "source /usr/userfs/d/drm511/embs/embs-summer/hls/tiler/solution1/.autopilot/db/toplevel.compgen.tcl "
@I [HLS-100] Command 'ap_source' returned 0; elapsed 0Total elapsed time: 5.10 sec.
@I [HLS-100] Command "source /usr/userfs/d/drm511/embs/embs-summer/hls/tiler/solution1/.autopilot/db/global.setting.tcl "
@I [HLS-100] Command 'ap_source' returned 0; elapsed 0Total elapsed time: 5.318 sec.
@I [HLS-100] Command "source /usr/userfs/d/drm511/embs/embs-summer/hls/tiler/solution1/.autopilot/db/toplevel.constraint.tcl "
@I [HLS-100] Command 'ap_source' returned 0; elapsed 0Total elapsed time: 5.325 sec.
@I [HLS-100] Command "source /opt/york/cs/pkg/xilinx-design-suite-14.3-x86_64-1/Vivado_HLS/2013.4/common/technology/generic/autopilot/common.gen "
@I [HLS-100] Command "source /opt/york/cs/pkg/xilinx-design-suite-14.3-x86_64-1/Vivado_HLS/2013.4/common/technology/generic/autopilot/APCoreGen.gen "
@I [HLS-100] Command 'ap_source' returned 0; elapsed 0Total elapsed time: 5.358 sec.
@I [HLS-100] Command 'ap_source' returned 0; elapsed 0Total elapsed time: 5.359 sec.
@I [HLS-100] Command "source /opt/york/cs/pkg/xilinx-design-suite-14.3-x86_64-1/Vivado_HLS/2013.4/common/technology/generic/autopilot/op.gen "
@I [HLS-100] Command 'ap_source' returned 0; elapsed 0Total elapsed time: 5.361 sec.
@I [HLS-100] Command "source /opt/york/cs/pkg/xilinx-design-suite-14.3-x86_64-1/Vivado_HLS/2013.4/common/technology/generic/autopilot/op_simcore.gen "
@I [HLS-100] Command 'ap_source' returned 0; elapsed 0.01Total elapsed time: 5.365 sec.
@I [HLS-100] Command "source /opt/york/cs/pkg/xilinx-design-suite-14.3-x86_64-1/Vivado_HLS/2013.4/common/technology/generic/autopilot/interface.gen "
@I [HLS-100] Command 'ap_source' returned 0; elapsed 0.01Total elapsed time: 5.367 sec.
@I [HLS-100] Command "source /usr/userfs/d/drm511/embs/embs-summer/hls/tiler/solution1/.autopilot/db/global.setting.tcl "
@I [HLS-100] Command 'ap_source' returned 0; elapsed 0Total elapsed time: 5.369 sec.
@I [HLS-100] Command "source /opt/york/cs/pkg/xilinx-design-suite-14.3-x86_64-1/Vivado_HLS/2013.4/common/technology/xilinx/spartan3e/spartan3e.gen "
@I [HLS-100] Command "source /opt/york/cs/pkg/xilinx-design-suite-14.3-x86_64-1/Vivado_HLS/2013.4/common/technology/xilinx/common/virtex.gen "
@I [HLS-100] Command "source /opt/york/cs/pkg/xilinx-design-suite-14.3-x86_64-1/Vivado_HLS/2013.4/common/technology/xilinx/common/xilinx.gen "
@I [HLS-100] Command "source /opt/york/cs/pkg/xilinx-design-suite-14.3-x86_64-1/Vivado_HLS/2013.4/common/technology/xilinx/interface/plb46.gen "
@I [HLS-100] Command 'ap_source' returned 0; elapsed 0Total elapsed time: 5.378 sec.
@I [HLS-100] Command "source /opt/york/cs/pkg/xilinx-design-suite-14.3-x86_64-1/Vivado_HLS/2013.4/common/technology/xilinx/interface/fsl.gen "
@I [HLS-100] Command 'ap_source' returned 0; elapsed 0Total elapsed time: 5.380 sec.
@I [HLS-100] Command "source /opt/york/cs/pkg/xilinx-design-suite-14.3-x86_64-1/Vivado_HLS/2013.4/common/technology/xilinx/interface/axi4.gen "
@I [HLS-100] Command 'ap_source' returned 0; elapsed 0.01Total elapsed time: 5.386 sec.
@I [HLS-100] Command "source /opt/york/cs/pkg/xilinx-design-suite-14.3-x86_64-1/Vivado_HLS/2013.4/common/technology/xilinx/scripts/xilinxcoregen.gen "
@I [HLS-100] Command 'ap_source' returned 0; elapsed 0.01Total elapsed time: 5.404 sec.
@I [HLS-100] Command "source /opt/york/cs/pkg/xilinx-design-suite-14.3-x86_64-1/Vivado_HLS/2013.4/common/technology/xilinx/interface/XilEDKCoreGen.gen "
@I [HLS-100] Command 'ap_source' returned 0; elapsed 0.01Total elapsed time: 5.420 sec.
@I [HLS-100] Command "source /opt/york/cs/pkg/xilinx-design-suite-14.3-x86_64-1/Vivado_HLS/2013.4/common/technology/xilinx/ip/util.gen "
@I [HLS-100] Command 'ap_source' returned 0; elapsed 0Total elapsed time: 5.422 sec.
@I [HLS-100] Command "source /opt/york/cs/pkg/xilinx-design-suite-14.3-x86_64-1/Vivado_HLS/2013.4/common/technology/xilinx/ip/xfft.gen "
@I [HLS-100] Command 'ap_source' returned 0; elapsed 0.11Total elapsed time: 5.529 sec.
@I [HLS-100] Command "source /opt/york/cs/pkg/xilinx-design-suite-14.3-x86_64-1/Vivado_HLS/2013.4/common/technology/xilinx/ip/xfir.gen "
@I [HLS-100] Command 'ap_source' returned 0; elapsed 0.02Total elapsed time: 5.552 sec.
@I [HLS-100] Command 'ap_source' returned 0; elapsed 0.16Total elapsed time: 5.552 sec.
@I [HLS-100] Command "source /opt/york/cs/pkg/xilinx-design-suite-14.3-x86_64-1/Vivado_HLS/2013.4/common/technology/xilinx/common/dsp48.gen "
@I [HLS-100] Command 'ap_source' returned 0; elapsed 0Total elapsed time: 5.555 sec.
@I [HLS-100] Command 'ap_source' returned 0; elapsed 0.16Total elapsed time: 5.555 sec.
@I [HLS-100] Command 'ap_source' returned 0; elapsed 0.16Total elapsed time: 5.555 sec.
@I [HLS-100] Command "source /opt/york/cs/pkg/xilinx-design-suite-14.3-x86_64-1/Vivado_HLS/2013.4/common/technology/xilinx/spartan3e/spartan3e_fpv5.gen "
@I [HLS-100] Command "source /opt/york/cs/pkg/xilinx-design-suite-14.3-x86_64-1/Vivado_HLS/2013.4/common/technology/xilinx/common/xilinx_fpv5.gen "
@I [HLS-100] Command 'ap_source' returned 0; elapsed 0Total elapsed time: 5.558 sec.
@I [HLS-100] Command 'ap_source' returned 0; elapsed 0Total elapsed time: 5.558 sec.
@I [HLS-100] Command "source /usr/userfs/d/drm511/embs/embs-summer/hls/tiler/solution1/.autopilot/db/global.setting.tcl "
@I [HLS-100] Command 'ap_source' returned 0; elapsed 0Total elapsed time: 5.620 sec.
@I [HLS-100] Command "source /opt/york/cs/pkg/xilinx-design-suite-14.3-x86_64-1/Vivado_HLS/2013.4/common/technology/generic/autopilot/common.gen "
@I [HLS-100] Command "source /opt/york/cs/pkg/xilinx-design-suite-14.3-x86_64-1/Vivado_HLS/2013.4/common/technology/generic/autopilot/APCoreGen.gen "
@I [HLS-100] Command 'ap_source' returned 0; elapsed 0Total elapsed time: 5.650 sec.
@I [HLS-100] Command 'ap_source' returned 0; elapsed 0Total elapsed time: 5.651 sec.
@I [HLS-100] Command "source /opt/york/cs/pkg/xilinx-design-suite-14.3-x86_64-1/Vivado_HLS/2013.4/common/technology/generic/autopilot/op.gen "
@I [HLS-100] Command 'ap_source' returned 0; elapsed 0Total elapsed time: 5.653 sec.
@I [HLS-100] Command "source /opt/york/cs/pkg/xilinx-design-suite-14.3-x86_64-1/Vivado_HLS/2013.4/common/technology/generic/autopilot/op_simcore.gen "
@I [HLS-100] Command 'ap_source' returned 0; elapsed 0Total elapsed time: 5.656 sec.
@I [HLS-100] Command "source /opt/york/cs/pkg/xilinx-design-suite-14.3-x86_64-1/Vivado_HLS/2013.4/common/technology/generic/autopilot/interface.gen "
@I [HLS-100] Command 'ap_source' returned 0; elapsed 0.01Total elapsed time: 5.658 sec.
@I [HLS-100] Command "source /usr/userfs/d/drm511/embs/embs-summer/hls/tiler/solution1/.autopilot/db/global.setting.tcl "
@I [HLS-100] Command 'ap_source' returned 0; elapsed 0Total elapsed time: 5.660 sec.
@I [HLS-100] Command "source /opt/york/cs/pkg/xilinx-design-suite-14.3-x86_64-1/Vivado_HLS/2013.4/common/technology/xilinx/spartan3e/spartan3e.gen "
@I [HLS-100] Command "source /opt/york/cs/pkg/xilinx-design-suite-14.3-x86_64-1/Vivado_HLS/2013.4/common/technology/xilinx/common/virtex.gen "
@I [HLS-100] Command "source /opt/york/cs/pkg/xilinx-design-suite-14.3-x86_64-1/Vivado_HLS/2013.4/common/technology/xilinx/common/xilinx.gen "
@I [HLS-100] Command "source /opt/york/cs/pkg/xilinx-design-suite-14.3-x86_64-1/Vivado_HLS/2013.4/common/technology/xilinx/interface/plb46.gen "
@I [HLS-100] Command 'ap_source' returned 0; elapsed 0Total elapsed time: 5.669 sec.
@I [HLS-100] Command "source /opt/york/cs/pkg/xilinx-design-suite-14.3-x86_64-1/Vivado_HLS/2013.4/common/technology/xilinx/interface/fsl.gen "
@I [HLS-100] Command 'ap_source' returned 0; elapsed 0Total elapsed time: 5.672 sec.
@I [HLS-100] Command "source /opt/york/cs/pkg/xilinx-design-suite-14.3-x86_64-1/Vivado_HLS/2013.4/common/technology/xilinx/interface/axi4.gen "
@I [HLS-100] Command 'ap_source' returned 0; elapsed 0.01Total elapsed time: 5.678 sec.
@I [HLS-100] Command "source /opt/york/cs/pkg/xilinx-design-suite-14.3-x86_64-1/Vivado_HLS/2013.4/common/technology/xilinx/scripts/xilinxcoregen.gen "
@I [HLS-100] Command 'ap_source' returned 0; elapsed 0.01Total elapsed time: 5.696 sec.
@I [HLS-100] Command "source /opt/york/cs/pkg/xilinx-design-suite-14.3-x86_64-1/Vivado_HLS/2013.4/common/technology/xilinx/interface/XilEDKCoreGen.gen "
@I [HLS-100] Command 'ap_source' returned 0; elapsed 0.01Total elapsed time: 5.710 sec.
@I [HLS-100] Command "source /opt/york/cs/pkg/xilinx-design-suite-14.3-x86_64-1/Vivado_HLS/2013.4/common/technology/xilinx/ip/util.gen "
@I [HLS-100] Command 'ap_source' returned 0; elapsed 0Total elapsed time: 5.712 sec.
@I [HLS-100] Command "source /opt/york/cs/pkg/xilinx-design-suite-14.3-x86_64-1/Vivado_HLS/2013.4/common/technology/xilinx/ip/xfft.gen "
@I [HLS-100] Command 'ap_source' returned 0; elapsed 0.11Total elapsed time: 5.817 sec.
@I [HLS-100] Command "source /opt/york/cs/pkg/xilinx-design-suite-14.3-x86_64-1/Vivado_HLS/2013.4/common/technology/xilinx/ip/xfir.gen "
@I [HLS-100] Command 'ap_source' returned 0; elapsed 0.01Total elapsed time: 5.839 sec.
@I [HLS-100] Command 'ap_source' returned 0; elapsed 0.15Total elapsed time: 5.839 sec.
@I [HLS-100] Command "source /opt/york/cs/pkg/xilinx-design-suite-14.3-x86_64-1/Vivado_HLS/2013.4/common/technology/xilinx/common/dsp48.gen "
@I [HLS-100] Command 'ap_source' returned 0; elapsed 0Total elapsed time: 5.842 sec.
@I [HLS-100] Command 'ap_source' returned 0; elapsed 0.15Total elapsed time: 5.843 sec.
@I [HLS-100] Command 'ap_source' returned 0; elapsed 0.15Total elapsed time: 5.843 sec.
@I [HLS-100] Command "source /opt/york/cs/pkg/xilinx-design-suite-14.3-x86_64-1/Vivado_HLS/2013.4/common/technology/xilinx/spartan3e/spartan3e_fpv5.gen "
@I [HLS-100] Command "source /opt/york/cs/pkg/xilinx-design-suite-14.3-x86_64-1/Vivado_HLS/2013.4/common/technology/xilinx/common/xilinx_fpv5.gen "
@I [HLS-100] Command 'ap_source' returned 0; elapsed 0.01Total elapsed time: 5.847 sec.
@I [HLS-100] Command 'ap_source' returned 0; elapsed 0.01Total elapsed time: 5.848 sec.
@I [HLS-100] Command "source /usr/userfs/d/drm511/embs/embs-summer/hls/tiler/solution1/.autopilot/db/global.setting.tcl "
@I [HLS-100] Command 'ap_source' returned 0; elapsed 0Total elapsed time: 5.852 sec.
@I [HLS-100] Command "source /usr/userfs/d/drm511/embs/embs-summer/hls/tiler/solution1/.autopilot/db/global.setting.tcl "
@I [HLS-100] Command 'ap_source' returned 0; elapsed 0Total elapsed time: 5.886 sec.
@I [HLS-100] Command "source /usr/userfs/d/drm511/embs/embs-summer/hls/tiler/solution1/.autopilot/db/global.setting.tcl "
@I [HLS-100] Command 'ap_source' returned 0; elapsed 0Total elapsed time: 5.904 sec.
@I [HLS-100] Command "source /opt/york/cs/pkg/xilinx-design-suite-14.3-x86_64-1/Vivado_HLS/2013.4/common/technology/generic/autopilot/common.gen "
@I [HLS-100] Command "source /opt/york/cs/pkg/xilinx-design-suite-14.3-x86_64-1/Vivado_HLS/2013.4/common/technology/generic/autopilot/APCoreGen.gen "
@I [HLS-100] Command 'ap_source' returned 0; elapsed 0Total elapsed time: 5.928 sec.
@I [HLS-100] Command 'ap_source' returned 0; elapsed 0Total elapsed time: 5.929 sec.
@I [HLS-100] Command "source /opt/york/cs/pkg/xilinx-design-suite-14.3-x86_64-1/Vivado_HLS/2013.4/common/technology/generic/autopilot/op.gen "
@I [HLS-100] Command 'ap_source' returned 0; elapsed 0Total elapsed time: 5.931 sec.
@I [HLS-100] Command "source /opt/york/cs/pkg/xilinx-design-suite-14.3-x86_64-1/Vivado_HLS/2013.4/common/technology/generic/autopilot/op_simcore.gen "
@I [HLS-100] Command 'ap_source' returned 0; elapsed 0Total elapsed time: 5.935 sec.
@I [HLS-100] Command "source /opt/york/cs/pkg/xilinx-design-suite-14.3-x86_64-1/Vivado_HLS/2013.4/common/technology/generic/autopilot/interface.gen "
@I [HLS-100] Command 'ap_source' returned 0; elapsed 0.01Total elapsed time: 5.937 sec.
@I [HLS-100] Command "source /usr/userfs/d/drm511/embs/embs-summer/hls/tiler/solution1/.autopilot/db/global.setting.tcl "
@I [HLS-100] Command 'ap_source' returned 0; elapsed 0Total elapsed time: 5.938 sec.
@I [HLS-100] Command "source /opt/york/cs/pkg/xilinx-design-suite-14.3-x86_64-1/Vivado_HLS/2013.4/common/technology/xilinx/spartan3e/spartan3e.gen "
@I [HLS-100] Command "source /opt/york/cs/pkg/xilinx-design-suite-14.3-x86_64-1/Vivado_HLS/2013.4/common/technology/xilinx/common/virtex.gen "
@I [HLS-100] Command "source /opt/york/cs/pkg/xilinx-design-suite-14.3-x86_64-1/Vivado_HLS/2013.4/common/technology/xilinx/common/xilinx.gen "
@I [HLS-100] Command "source /opt/york/cs/pkg/xilinx-design-suite-14.3-x86_64-1/Vivado_HLS/2013.4/common/technology/xilinx/interface/plb46.gen "
@I [HLS-100] Command 'ap_source' returned 0; elapsed 0.01Total elapsed time: 5.947 sec.
@I [HLS-100] Command "source /opt/york/cs/pkg/xilinx-design-suite-14.3-x86_64-1/Vivado_HLS/2013.4/common/technology/xilinx/interface/fsl.gen "
@I [HLS-100] Command 'ap_source' returned 0; elapsed 0Total elapsed time: 5.950 sec.
@I [HLS-100] Command "source /opt/york/cs/pkg/xilinx-design-suite-14.3-x86_64-1/Vivado_HLS/2013.4/common/technology/xilinx/interface/axi4.gen "
@I [HLS-100] Command 'ap_source' returned 0; elapsed 0Total elapsed time: 5.956 sec.
@I [HLS-100] Command "source /opt/york/cs/pkg/xilinx-design-suite-14.3-x86_64-1/Vivado_HLS/2013.4/common/technology/xilinx/scripts/xilinxcoregen.gen "
@I [HLS-100] Command 'ap_source' returned 0; elapsed 0.02Total elapsed time: 5.972 sec.
@I [HLS-100] Command "source /opt/york/cs/pkg/xilinx-design-suite-14.3-x86_64-1/Vivado_HLS/2013.4/common/technology/xilinx/interface/XilEDKCoreGen.gen "
@I [HLS-100] Command 'ap_source' returned 0; elapsed 0Total elapsed time: 5.980 sec.
@I [HLS-100] Command "source /opt/york/cs/pkg/xilinx-design-suite-14.3-x86_64-1/Vivado_HLS/2013.4/common/technology/xilinx/ip/util.gen "
@I [HLS-100] Command 'ap_source' returned 0; elapsed 0Total elapsed time: 5.982 sec.
@I [HLS-100] Command "source /opt/york/cs/pkg/xilinx-design-suite-14.3-x86_64-1/Vivado_HLS/2013.4/common/technology/xilinx/ip/xfft.gen "
@I [HLS-100] Command 'ap_source' returned 0; elapsed 0.11Total elapsed time: 6.90 sec.
@I [HLS-100] Command "source /opt/york/cs/pkg/xilinx-design-suite-14.3-x86_64-1/Vivado_HLS/2013.4/common/technology/xilinx/ip/xfir.gen "
@I [HLS-100] Command 'ap_source' returned 0; elapsed 0.02Total elapsed time: 6.128 sec.
@I [HLS-100] Command 'ap_source' returned 0; elapsed 0.16Total elapsed time: 6.128 sec.
@I [HLS-100] Command "source /opt/york/cs/pkg/xilinx-design-suite-14.3-x86_64-1/Vivado_HLS/2013.4/common/technology/xilinx/common/dsp48.gen "
@I [HLS-100] Command 'ap_source' returned 0; elapsed 0.01Total elapsed time: 6.133 sec.
@I [HLS-100] Command 'ap_source' returned 0; elapsed 0.17Total elapsed time: 6.133 sec.
@I [HLS-100] Command 'ap_source' returned 0; elapsed 0.17Total elapsed time: 6.133 sec.
@I [HLS-100] Command "source /opt/york/cs/pkg/xilinx-design-suite-14.3-x86_64-1/Vivado_HLS/2013.4/common/technology/xilinx/spartan3e/spartan3e_fpv5.gen "
@I [HLS-100] Command "source /opt/york/cs/pkg/xilinx-design-suite-14.3-x86_64-1/Vivado_HLS/2013.4/common/technology/xilinx/common/xilinx_fpv5.gen "
@I [HLS-100] Command 'ap_source' returned 0; elapsed 0Total elapsed time: 6.138 sec.
@I [HLS-100] Command 'ap_source' returned 0; elapsed 0Total elapsed time: 6.138 sec.
@I [HLS-100] Command "source /usr/userfs/d/drm511/embs/embs-summer/hls/tiler/solution1/.autopilot/db/down.compgen.tcl "
@I [HLS-100] Command 'ap_source' returned 0; elapsed 0Total elapsed time: 6.144 sec.
@I [HLS-100] Command "source /usr/userfs/d/drm511/embs/embs-summer/hls/tiler/solution1/.autopilot/db/right_r.compgen.tcl "
@I [HLS-100] Command 'ap_source' returned 0; elapsed 0Total elapsed time: 6.146 sec.
@I [HLS-100] Command "source /usr/userfs/d/drm511/embs/embs-summer/hls/tiler/solution1/.autopilot/db/backtrack.compgen.tcl "
@I [HLS-100] Command 'ap_source' returned 0; elapsed 0Total elapsed time: 6.149 sec.
@I [HLS-100] Command "source /usr/userfs/d/drm511/embs/embs-summer/hls/tiler/solution1/.autopilot/db/check.compgen.tcl "
@I [HLS-100] Command 'ap_source' returned 0; elapsed 0Total elapsed time: 6.152 sec.
@I [HLS-100] Command "source /usr/userfs/d/drm511/embs/embs-summer/hls/tiler/solution1/.autopilot/db/toplevel.compgen.tcl "
@I [HLS-100] Command 'ap_source' returned 0; elapsed 0Total elapsed time: 6.156 sec.
@I [HLS-100] Command "source /usr/userfs/d/drm511/embs/embs-summer/hls/tiler/solution1/.autopilot/db/global.setting.tcl "
@I [HLS-100] Command 'ap_source' returned 0; elapsed 0Total elapsed time: 6.614 sec.
@I [HLS-100] Command "source /usr/userfs/d/drm511/embs/embs-summer/hls/tiler/solution1/.autopilot/db/toplevel.constraint.tcl "
@I [HLS-100] Command 'ap_source' returned 0; elapsed 0Total elapsed time: 6.623 sec.
@I [HLS-100] Command "source /opt/york/cs/pkg/xilinx-design-suite-14.3-x86_64-1/Vivado_HLS/2013.4/common/technology/generic/autopilot/common.gen "
@I [HLS-100] Command "source /opt/york/cs/pkg/xilinx-design-suite-14.3-x86_64-1/Vivado_HLS/2013.4/common/technology/generic/autopilot/APCoreGen.gen "
@I [HLS-100] Command 'ap_source' returned 0; elapsed 0Total elapsed time: 6.660 sec.
@I [HLS-100] Command 'ap_source' returned 0; elapsed 0Total elapsed time: 6.660 sec.
@I [HLS-100] Command "source /opt/york/cs/pkg/xilinx-design-suite-14.3-x86_64-1/Vivado_HLS/2013.4/common/technology/generic/autopilot/op.gen "
@I [HLS-100] Command 'ap_source' returned 0; elapsed 0Total elapsed time: 6.670 sec.
@I [HLS-100] Command "source /opt/york/cs/pkg/xilinx-design-suite-14.3-x86_64-1/Vivado_HLS/2013.4/common/technology/generic/autopilot/op_simcore.gen "
@I [HLS-100] Command 'ap_source' returned 0; elapsed 0Total elapsed time: 6.674 sec.
@I [HLS-100] Command "source /opt/york/cs/pkg/xilinx-design-suite-14.3-x86_64-1/Vivado_HLS/2013.4/common/technology/generic/autopilot/interface.gen "
@I [HLS-100] Command 'ap_source' returned 0; elapsed 0Total elapsed time: 6.676 sec.
@I [HLS-100] Command "source /usr/userfs/d/drm511/embs/embs-summer/hls/tiler/solution1/.autopilot/db/global.setting.tcl "
@I [HLS-100] Command 'ap_source' returned 0; elapsed 0Total elapsed time: 6.678 sec.
@I [HLS-100] Command "source /opt/york/cs/pkg/xilinx-design-suite-14.3-x86_64-1/Vivado_HLS/2013.4/common/technology/xilinx/spartan3e/spartan3e.gen "
@I [HLS-100] Command "source /opt/york/cs/pkg/xilinx-design-suite-14.3-x86_64-1/Vivado_HLS/2013.4/common/technology/xilinx/common/virtex.gen "
@I [HLS-100] Command "source /opt/york/cs/pkg/xilinx-design-suite-14.3-x86_64-1/Vivado_HLS/2013.4/common/technology/xilinx/common/xilinx.gen "
@I [HLS-100] Command "source /opt/york/cs/pkg/xilinx-design-suite-14.3-x86_64-1/Vivado_HLS/2013.4/common/technology/xilinx/interface/plb46.gen "
@I [HLS-100] Command 'ap_source' returned 0; elapsed 0Total elapsed time: 6.686 sec.
@I [HLS-100] Command "source /opt/york/cs/pkg/xilinx-design-suite-14.3-x86_64-1/Vivado_HLS/2013.4/common/technology/xilinx/interface/fsl.gen "
@I [HLS-100] Command 'ap_source' returned 0; elapsed 0.01Total elapsed time: 6.689 sec.
@I [HLS-100] Command "source /opt/york/cs/pkg/xilinx-design-suite-14.3-x86_64-1/Vivado_HLS/2013.4/common/technology/xilinx/interface/axi4.gen "
@I [HLS-100] Command 'ap_source' returned 0; elapsed 0Total elapsed time: 6.695 sec.
@I [HLS-100] Command "source /opt/york/cs/pkg/xilinx-design-suite-14.3-x86_64-1/Vivado_HLS/2013.4/common/technology/xilinx/scripts/xilinxcoregen.gen "
@I [HLS-100] Command 'ap_source' returned 0; elapsed 0.02Total elapsed time: 6.712 sec.
@I [HLS-100] Command "source /opt/york/cs/pkg/xilinx-design-suite-14.3-x86_64-1/Vivado_HLS/2013.4/common/technology/xilinx/interface/XilEDKCoreGen.gen "
@I [HLS-100] Command 'ap_source' returned 0; elapsed 0.02Total elapsed time: 6.728 sec.
@I [HLS-100] Command "source /opt/york/cs/pkg/xilinx-design-suite-14.3-x86_64-1/Vivado_HLS/2013.4/common/technology/xilinx/ip/util.gen "
@I [HLS-100] Command 'ap_source' returned 0; elapsed 0Total elapsed time: 6.731 sec.
@I [HLS-100] Command "source /opt/york/cs/pkg/xilinx-design-suite-14.3-x86_64-1/Vivado_HLS/2013.4/common/technology/xilinx/ip/xfft.gen "
@I [HLS-100] Command 'ap_source' returned 0; elapsed 0.11Total elapsed time: 6.845 sec.
@I [HLS-100] Command "source /opt/york/cs/pkg/xilinx-design-suite-14.3-x86_64-1/Vivado_HLS/2013.4/common/technology/xilinx/ip/xfir.gen "
@I [HLS-100] Command 'ap_source' returned 0; elapsed 0.02Total elapsed time: 6.867 sec.
@I [HLS-100] Command 'ap_source' returned 0; elapsed 0.18Total elapsed time: 6.867 sec.
@I [HLS-100] Command "source /opt/york/cs/pkg/xilinx-design-suite-14.3-x86_64-1/Vivado_HLS/2013.4/common/technology/xilinx/common/dsp48.gen "
@I [HLS-100] Command 'ap_source' returned 0; elapsed 0Total elapsed time: 6.870 sec.
@I [HLS-100] Command 'ap_source' returned 0; elapsed 0.18Total elapsed time: 6.870 sec.
@I [HLS-100] Command 'ap_source' returned 0; elapsed 0.18Total elapsed time: 6.870 sec.
@I [HLS-100] Command "source /opt/york/cs/pkg/xilinx-design-suite-14.3-x86_64-1/Vivado_HLS/2013.4/common/technology/xilinx/spartan3e/spartan3e_fpv5.gen "
@I [HLS-100] Command "source /opt/york/cs/pkg/xilinx-design-suite-14.3-x86_64-1/Vivado_HLS/2013.4/common/technology/xilinx/common/xilinx_fpv5.gen "
@I [HLS-100] Command 'ap_source' returned 0; elapsed 0Total elapsed time: 6.873 sec.
@I [HLS-100] Command 'ap_source' returned 0; elapsed 0Total elapsed time: 6.874 sec.
@I [HLS-100] Command 'export_design' returned 0; elapsed 2.23Total elapsed time: 6.949 sec.
@I [HLS-100] Command "cleanup_all "
@I [HLS-100] Command 'cleanup_all' returned 0; elapsed 0Total elapsed time: 6.951 sec.
