Release 14.3 - platgen Xilinx EDK 14.3 Build EDK_P.40xd
 (lin64)
Copyright (c) 1995-2012 Xilinx, Inc.  All rights reserved.

Command Line: platgen -p xc3s500efg320-4 -lang vhdl -intstyle default -lp
/usr/userfs/d/drm511/embs/embs-summer/hls/tiler/solution1/ -msg
__xps/ise/xmsgprops.lst -parallel yes system.mhs 

Parse /usr/userfs/d/drm511/embs/embs-summer/bsp/system.mhs ...

Read MPD definitions ...

Overriding IP level properties ...
INFO:EDK:4130 - IPNAME: mpmc, INSTANCE:DDR_SDRAM - tcl is overriding PARAMETER
   C_BASEFAMILY value to spartan3e -
   /opt/york/cs/net/xilinx-design-suite-14.3-x86_64-1/14.3/ISE_DS/EDK/hw/XilinxP
   rocessorIPLib/pcores/mpmc_v6_06_a/data/mpmc_v2_1_0.mpd line 153 
INFO:EDK:4130 - IPNAME: mpmc, INSTANCE:DDR_SDRAM - tcl is overriding PARAMETER
   C_SPEEDGRADE_INT value to 4 -
   /opt/york/cs/net/xilinx-design-suite-14.3-x86_64-1/14.3/ISE_DS/EDK/hw/XilinxP
   rocessorIPLib/pcores/mpmc_v6_06_a/data/mpmc_v2_1_0.mpd line 158 
INFO:EDK:4130 - IPNAME: mpmc, INSTANCE:DDR_SDRAM - tcl is overriding PARAMETER
   C_IODELAY_GRP value to DDR_SDRAM -
   /opt/york/cs/net/xilinx-design-suite-14.3-x86_64-1/14.3/ISE_DS/EDK/hw/XilinxP
   rocessorIPLib/pcores/mpmc_v6_06_a/data/mpmc_v2_1_0.mpd line 180 
INFO:EDK:4130 - IPNAME: mpmc, INSTANCE:DDR_SDRAM - tcl is overriding PARAMETER
   C_USE_MIG_S3_PHY value to 1 -
   /opt/york/cs/net/xilinx-design-suite-14.3-x86_64-1/14.3/ISE_DS/EDK/hw/XilinxP
   rocessorIPLib/pcores/mpmc_v6_06_a/data/mpmc_v2_1_0.mpd line 213 
INFO:EDK:4130 - IPNAME: mpmc, INSTANCE:DDR_SDRAM - tcl is overriding PARAMETER
   C_MEM_PART_DATA_DEPTH value to 32 -
   /opt/york/cs/net/xilinx-design-suite-14.3-x86_64-1/14.3/ISE_DS/EDK/hw/XilinxP
   rocessorIPLib/pcores/mpmc_v6_06_a/data/mpmc_v2_1_0.mpd line 264 
INFO:EDK:4130 - IPNAME: mpmc, INSTANCE:DDR_SDRAM - tcl is overriding PARAMETER
   C_MEM_PART_DATA_WIDTH value to 16 -
   /opt/york/cs/net/xilinx-design-suite-14.3-x86_64-1/14.3/ISE_DS/EDK/hw/XilinxP
   rocessorIPLib/pcores/mpmc_v6_06_a/data/mpmc_v2_1_0.mpd line 265 
INFO:EDK:4130 - IPNAME: mpmc, INSTANCE:DDR_SDRAM - tcl is overriding PARAMETER
   C_MEM_PART_NUM_COL_BITS value to 10 -
   /opt/york/cs/net/xilinx-design-suite-14.3-x86_64-1/14.3/ISE_DS/EDK/hw/XilinxP
   rocessorIPLib/pcores/mpmc_v6_06_a/data/mpmc_v2_1_0.mpd line 268 
INFO:EDK:4130 - IPNAME: mpmc, INSTANCE:DDR_SDRAM - tcl is overriding PARAMETER
   C_MEM_PART_TRAS value to 42000 -
   /opt/york/cs/net/xilinx-design-suite-14.3-x86_64-1/14.3/ISE_DS/EDK/hw/XilinxP
   rocessorIPLib/pcores/mpmc_v6_06_a/data/mpmc_v2_1_0.mpd line 269 
INFO:EDK:4130 - IPNAME: mpmc, INSTANCE:DDR_SDRAM - tcl is overriding PARAMETER
   C_MEM_PART_TRASMAX value to 70000000 -
   /opt/york/cs/net/xilinx-design-suite-14.3-x86_64-1/14.3/ISE_DS/EDK/hw/XilinxP
   rocessorIPLib/pcores/mpmc_v6_06_a/data/mpmc_v2_1_0.mpd line 270 
INFO:EDK:4130 - IPNAME: mpmc, INSTANCE:DDR_SDRAM - tcl is overriding PARAMETER
   C_MEM_PART_TRC value to 60000 -
   /opt/york/cs/net/xilinx-design-suite-14.3-x86_64-1/14.3/ISE_DS/EDK/hw/XilinxP
   rocessorIPLib/pcores/mpmc_v6_06_a/data/mpmc_v2_1_0.mpd line 271 
INFO:EDK:4130 - IPNAME: mpmc, INSTANCE:DDR_SDRAM - tcl is overriding PARAMETER
   C_MEM_PART_TRCD value to 15000 -
   /opt/york/cs/net/xilinx-design-suite-14.3-x86_64-1/14.3/ISE_DS/EDK/hw/XilinxP
   rocessorIPLib/pcores/mpmc_v6_06_a/data/mpmc_v2_1_0.mpd line 272 
INFO:EDK:4130 - IPNAME: mpmc, INSTANCE:DDR_SDRAM - tcl is overriding PARAMETER
   C_MEM_PART_TWR value to 15000 -
   /opt/york/cs/net/xilinx-design-suite-14.3-x86_64-1/14.3/ISE_DS/EDK/hw/XilinxP
   rocessorIPLib/pcores/mpmc_v6_06_a/data/mpmc_v2_1_0.mpd line 274 
INFO:EDK:4130 - IPNAME: mpmc, INSTANCE:DDR_SDRAM - tcl is overriding PARAMETER
   C_MEM_PART_TRP value to 15000 -
   /opt/york/cs/net/xilinx-design-suite-14.3-x86_64-1/14.3/ISE_DS/EDK/hw/XilinxP
   rocessorIPLib/pcores/mpmc_v6_06_a/data/mpmc_v2_1_0.mpd line 275 
INFO:EDK:4130 - IPNAME: mpmc, INSTANCE:DDR_SDRAM - tcl is overriding PARAMETER
   C_MEM_PART_TMRD value to 2 -
   /opt/york/cs/net/xilinx-design-suite-14.3-x86_64-1/14.3/ISE_DS/EDK/hw/XilinxP
   rocessorIPLib/pcores/mpmc_v6_06_a/data/mpmc_v2_1_0.mpd line 276 
INFO:EDK:4130 - IPNAME: mpmc, INSTANCE:DDR_SDRAM - tcl is overriding PARAMETER
   C_MEM_PART_TRRD value to 12000 -
   /opt/york/cs/net/xilinx-design-suite-14.3-x86_64-1/14.3/ISE_DS/EDK/hw/XilinxP
   rocessorIPLib/pcores/mpmc_v6_06_a/data/mpmc_v2_1_0.mpd line 277 
INFO:EDK:4130 - IPNAME: mpmc, INSTANCE:DDR_SDRAM - tcl is overriding PARAMETER
   C_MEM_PART_TRFC value to 72000 -
   /opt/york/cs/net/xilinx-design-suite-14.3-x86_64-1/14.3/ISE_DS/EDK/hw/XilinxP
   rocessorIPLib/pcores/mpmc_v6_06_a/data/mpmc_v2_1_0.mpd line 278 
INFO:EDK:4130 - IPNAME: mpmc, INSTANCE:DDR_SDRAM - tcl is overriding PARAMETER
   C_MEM_PART_TREFI value to 7800000 -
   /opt/york/cs/net/xilinx-design-suite-14.3-x86_64-1/14.3/ISE_DS/EDK/hw/XilinxP
   rocessorIPLib/pcores/mpmc_v6_06_a/data/mpmc_v2_1_0.mpd line 279 
INFO:EDK:4130 - IPNAME: mpmc, INSTANCE:DDR_SDRAM - tcl is overriding PARAMETER
   C_MEM_PART_CAS_A_FMAX value to 133 -
   /opt/york/cs/net/xilinx-design-suite-14.3-x86_64-1/14.3/ISE_DS/EDK/hw/XilinxP
   rocessorIPLib/pcores/mpmc_v6_06_a/data/mpmc_v2_1_0.mpd line 288 
INFO:EDK:4130 - IPNAME: mpmc, INSTANCE:DDR_SDRAM - tcl is overriding PARAMETER
   C_MEM_PART_CAS_A value to 2 -
   /opt/york/cs/net/xilinx-design-suite-14.3-x86_64-1/14.3/ISE_DS/EDK/hw/XilinxP
   rocessorIPLib/pcores/mpmc_v6_06_a/data/mpmc_v2_1_0.mpd line 289 
INFO:EDK:4130 - IPNAME: mpmc, INSTANCE:DDR_SDRAM - tcl is overriding PARAMETER
   C_MEM_PART_CAS_B_FMAX value to 166 -
   /opt/york/cs/net/xilinx-design-suite-14.3-x86_64-1/14.3/ISE_DS/EDK/hw/XilinxP
   rocessorIPLib/pcores/mpmc_v6_06_a/data/mpmc_v2_1_0.mpd line 290 
INFO:EDK:4130 - IPNAME: mpmc, INSTANCE:DDR_SDRAM - tcl is overriding PARAMETER
   C_MEM_PART_CAS_B value to 2.5 -
   /opt/york/cs/net/xilinx-design-suite-14.3-x86_64-1/14.3/ISE_DS/EDK/hw/XilinxP
   rocessorIPLib/pcores/mpmc_v6_06_a/data/mpmc_v2_1_0.mpd line 291 
INFO:EDK:4130 - IPNAME: mpmc, INSTANCE:DDR_SDRAM - tcl is overriding PARAMETER
   C_MEM_DM_WIDTH value to 2 -
   /opt/york/cs/net/xilinx-design-suite-14.3-x86_64-1/14.3/ISE_DS/EDK/hw/XilinxP
   rocessorIPLib/pcores/mpmc_v6_06_a/data/mpmc_v2_1_0.mpd line 310 
INFO:EDK:4130 - IPNAME: mpmc, INSTANCE:DDR_SDRAM - tcl is overriding PARAMETER
   C_MEM_DQS_WIDTH value to 2 -
   /opt/york/cs/net/xilinx-design-suite-14.3-x86_64-1/14.3/ISE_DS/EDK/hw/XilinxP
   rocessorIPLib/pcores/mpmc_v6_06_a/data/mpmc_v2_1_0.mpd line 311 
orig_family is spartan3e
INFO:EDK:4130 - IPNAME: xps_ethernetlite, INSTANCE:Ethernet_MAC - tcl is
   overriding PARAMETER C_FAMILY value to spartan3e -
   /opt/york/cs/net/xilinx-design-suite-14.3-x86_64-1/14.3/ISE_DS/EDK/hw/XilinxP
   rocessorIPLib/pcores/xps_ethernetlite_v4_00_a/data/xps_ethernetlite_v2_1_0.mp
   d line 79 

Computing clock values...
INFO:EDK:740 - Cannot determine the input clock associated with port :
   ilmb_cntlr:BRAM_Clk_A. Clock DRCs will not be performed on this core and
   cores connected to it. 
INFO:EDK:740 - Cannot determine the input clock associated with port :
   dlmb_cntlr:BRAM_Clk_A. Clock DRCs will not be performed on this core and
   cores connected to it. 

Performing IP level DRCs on properties...

Running DRC Tcl procedures for OPTION IPLEVEL_DRC_PROC...
Address Map for Processor microblaze_0
  (0000000000-0x00003fff) dlmb_cntlr	dlmb
  (0000000000-0x00003fff) ilmb_cntlr	ilmb
  (0x81000000-0x8100ffff) Ethernet_MAC	mb_plb
  (0x81400000-0x8140ffff) LEDs_8Bit	mb_plb
  (0x81420000-0x8142ffff) DIP_Switches_4Bit	mb_plb
  (0x81440000-0x8144ffff) Buttons_4Bit	mb_plb
  (0x84000000-0x8400ffff) RS232_DTE	mb_plb
  (0x84400000-0x8440ffff) mdm_0	mb_plb
  (0x8c000000-0x8fffffff) DDR_SDRAM	mb_plb
  (0xc4400000-0xc440ffff) embs_vga_0	mb_plb
INFO:EDK:4130 - IPNAME: mpmc, INSTANCE:DDR_SDRAM - tool is overriding PARAMETER
   C_SPLB0_P2P value to 0 -
   /opt/york/cs/net/xilinx-design-suite-14.3-x86_64-1/14.3/ISE_DS/EDK/hw/XilinxP
   rocessorIPLib/pcores/mpmc_v6_06_a/data/mpmc_v2_1_0.mpd line 367 
INFO:EDK:4087 - IPNAME: xps_ethernetlite, INSTANCE: Ethernet_MAC - This design
   requires design constraints to guarantee performance.
   Please refer to the data sheet for details.  
   The PLB clock frequency must be greater than or equal to 50 MHz for 100 Mbs
   Ethernet operation and greater than or equal to 5.0 MHz for 10 Mbs Ethernet
   operation. - /usr/userfs/d/drm511/embs/embs-summer/bsp/system.mhs line 205
INFO:EDK:4130 - IPNAME: microblaze, INSTANCE:microblaze_0 - tool is overriding
   PARAMETER C_DPLB_DWIDTH value to 64 -
   /opt/york/cs/net/xilinx-design-suite-14.3-x86_64-1/14.3/ISE_DS/EDK/hw/XilinxP
   rocessorIPLib/pcores/microblaze_v8_40_b/data/microblaze_v2_1_0.mpd line 202 
INFO:EDK:4130 - IPNAME: microblaze, INSTANCE:microblaze_0 - tool is overriding
   PARAMETER C_IPLB_DWIDTH value to 64 -
   /opt/york/cs/net/xilinx-design-suite-14.3-x86_64-1/14.3/ISE_DS/EDK/hw/XilinxP
   rocessorIPLib/pcores/microblaze_v8_40_b/data/microblaze_v2_1_0.mpd line 206 
INFO:EDK:4130 - IPNAME: plb_v46, INSTANCE:mb_plb - tool is overriding PARAMETER
   C_PLBV46_NUM_MASTERS value to 3 -
   /opt/york/cs/net/xilinx-design-suite-14.3-x86_64-1/14.3/ISE_DS/EDK/hw/XilinxP
   rocessorIPLib/pcores/plb_v46_v1_05_a/data/plb_v46_v2_1_0.mpd line 78 
INFO:EDK:4130 - IPNAME: lmb_v10, INSTANCE:ilmb - tool is overriding PARAMETER
   C_LMB_NUM_SLAVES value to 1 -
   /opt/york/cs/net/xilinx-design-suite-14.3-x86_64-1/14.3/ISE_DS/EDK/hw/XilinxP
   rocessorIPLib/pcores/lmb_v10_v2_00_b/data/lmb_v10_v2_1_0.mpd line 81 
INFO:EDK:4130 - IPNAME: lmb_v10, INSTANCE:dlmb - tool is overriding PARAMETER
   C_LMB_NUM_SLAVES value to 1 -
   /opt/york/cs/net/xilinx-design-suite-14.3-x86_64-1/14.3/ISE_DS/EDK/hw/XilinxP
   rocessorIPLib/pcores/lmb_v10_v2_00_b/data/lmb_v10_v2_1_0.mpd line 81 
INFO:EDK:4130 - IPNAME: bram_block, INSTANCE:lmb_bram - tool is overriding
   PARAMETER C_MEMSIZE value to 0x4000 -
   /opt/york/cs/net/xilinx-design-suite-14.3-x86_64-1/14.3/ISE_DS/EDK/hw/XilinxP
   rocessorIPLib/pcores/bram_block_v1_00_a/data/bram_block_v2_1_0.mpd line 77 
INFO:EDK:4130 - IPNAME: xps_uartlite, INSTANCE:RS232_DTE - tool is overriding
   PARAMETER C_SPLB_DWIDTH value to 64 -
   /opt/york/cs/net/xilinx-design-suite-14.3-x86_64-1/14.3/ISE_DS/EDK/hw/XilinxP
   rocessorIPLib/pcores/xps_uartlite_v1_02_a/data/xps_uartlite_v2_1_0.mpd line
   80 
INFO:EDK:4130 - IPNAME: xps_uartlite, INSTANCE:RS232_DTE - tool is overriding
   PARAMETER C_SPLB_MID_WIDTH value to 2 -
   /opt/york/cs/net/xilinx-design-suite-14.3-x86_64-1/14.3/ISE_DS/EDK/hw/XilinxP
   rocessorIPLib/pcores/xps_uartlite_v1_02_a/data/xps_uartlite_v2_1_0.mpd line
   82 
INFO:EDK:4130 - IPNAME: xps_uartlite, INSTANCE:RS232_DTE - tool is overriding
   PARAMETER C_SPLB_NUM_MASTERS value to 3 -
   /opt/york/cs/net/xilinx-design-suite-14.3-x86_64-1/14.3/ISE_DS/EDK/hw/XilinxP
   rocessorIPLib/pcores/xps_uartlite_v1_02_a/data/xps_uartlite_v2_1_0.mpd line
   83 
INFO:EDK:4130 - IPNAME: xps_gpio, INSTANCE:LEDs_8Bit - tool is overriding
   PARAMETER C_SPLB_DWIDTH value to 64 -
   /opt/york/cs/net/xilinx-design-suite-14.3-x86_64-1/14.3/ISE_DS/EDK/hw/XilinxP
   rocessorIPLib/pcores/xps_gpio_v2_00_a/data/xps_gpio_v2_1_0.mpd line 78 
INFO:EDK:4130 - IPNAME: xps_gpio, INSTANCE:LEDs_8Bit - tool is overriding
   PARAMETER C_SPLB_MID_WIDTH value to 2 -
   /opt/york/cs/net/xilinx-design-suite-14.3-x86_64-1/14.3/ISE_DS/EDK/hw/XilinxP
   rocessorIPLib/pcores/xps_gpio_v2_00_a/data/xps_gpio_v2_1_0.mpd line 80 
INFO:EDK:4130 - IPNAME: xps_gpio, INSTANCE:LEDs_8Bit - tool is overriding
   PARAMETER C_SPLB_NUM_MASTERS value to 3 -
   /opt/york/cs/net/xilinx-design-suite-14.3-x86_64-1/14.3/ISE_DS/EDK/hw/XilinxP
   rocessorIPLib/pcores/xps_gpio_v2_00_a/data/xps_gpio_v2_1_0.mpd line 81 
INFO:EDK:4130 - IPNAME: xps_gpio, INSTANCE:DIP_Switches_4Bit - tool is
   overriding PARAMETER C_SPLB_DWIDTH value to 64 -
   /opt/york/cs/net/xilinx-design-suite-14.3-x86_64-1/14.3/ISE_DS/EDK/hw/XilinxP
   rocessorIPLib/pcores/xps_gpio_v2_00_a/data/xps_gpio_v2_1_0.mpd line 78 
INFO:EDK:4130 - IPNAME: xps_gpio, INSTANCE:DIP_Switches_4Bit - tool is
   overriding PARAMETER C_SPLB_MID_WIDTH value to 2 -
   /opt/york/cs/net/xilinx-design-suite-14.3-x86_64-1/14.3/ISE_DS/EDK/hw/XilinxP
   rocessorIPLib/pcores/xps_gpio_v2_00_a/data/xps_gpio_v2_1_0.mpd line 80 
INFO:EDK:4130 - IPNAME: xps_gpio, INSTANCE:DIP_Switches_4Bit - tool is
   overriding PARAMETER C_SPLB_NUM_MASTERS value to 3 -
   /opt/york/cs/net/xilinx-design-suite-14.3-x86_64-1/14.3/ISE_DS/EDK/hw/XilinxP
   rocessorIPLib/pcores/xps_gpio_v2_00_a/data/xps_gpio_v2_1_0.mpd line 81 
INFO:EDK:4130 - IPNAME: xps_gpio, INSTANCE:Buttons_4Bit - tool is overriding
   PARAMETER C_SPLB_DWIDTH value to 64 -
   /opt/york/cs/net/xilinx-design-suite-14.3-x86_64-1/14.3/ISE_DS/EDK/hw/XilinxP
   rocessorIPLib/pcores/xps_gpio_v2_00_a/data/xps_gpio_v2_1_0.mpd line 78 
INFO:EDK:4130 - IPNAME: xps_gpio, INSTANCE:Buttons_4Bit - tool is overriding
   PARAMETER C_SPLB_MID_WIDTH value to 2 -
   /opt/york/cs/net/xilinx-design-suite-14.3-x86_64-1/14.3/ISE_DS/EDK/hw/XilinxP
   rocessorIPLib/pcores/xps_gpio_v2_00_a/data/xps_gpio_v2_1_0.mpd line 80 
INFO:EDK:4130 - IPNAME: xps_gpio, INSTANCE:Buttons_4Bit - tool is overriding
   PARAMETER C_SPLB_NUM_MASTERS value to 3 -
   /opt/york/cs/net/xilinx-design-suite-14.3-x86_64-1/14.3/ISE_DS/EDK/hw/XilinxP
   rocessorIPLib/pcores/xps_gpio_v2_00_a/data/xps_gpio_v2_1_0.mpd line 81 
INFO:EDK:4130 - IPNAME: mpmc, INSTANCE:DDR_SDRAM - tool is overriding PARAMETER
   C_SPLB0_NUM_MASTERS value to 3 -
   /opt/york/cs/net/xilinx-design-suite-14.3-x86_64-1/14.3/ISE_DS/EDK/hw/XilinxP
   rocessorIPLib/pcores/mpmc_v6_06_a/data/mpmc_v2_1_0.mpd line 365 
INFO:EDK:4130 - IPNAME: mpmc, INSTANCE:DDR_SDRAM - tool is overriding PARAMETER
   C_SPLB0_MID_WIDTH value to 2 -
   /opt/york/cs/net/xilinx-design-suite-14.3-x86_64-1/14.3/ISE_DS/EDK/hw/XilinxP
   rocessorIPLib/pcores/mpmc_v6_06_a/data/mpmc_v2_1_0.mpd line 366 
INFO:EDK:4130 - IPNAME: xps_ethernetlite, INSTANCE:Ethernet_MAC - tool is
   overriding PARAMETER C_SPLB_DWIDTH value to 64 -
   /opt/york/cs/net/xilinx-design-suite-14.3-x86_64-1/14.3/ISE_DS/EDK/hw/XilinxP
   rocessorIPLib/pcores/xps_ethernetlite_v4_00_a/data/xps_ethernetlite_v2_1_0.mp
   d line 84 
INFO:EDK:4130 - IPNAME: xps_ethernetlite, INSTANCE:Ethernet_MAC - tool is
   overriding PARAMETER C_SPLB_MID_WIDTH value to 2 -
   /opt/york/cs/net/xilinx-design-suite-14.3-x86_64-1/14.3/ISE_DS/EDK/hw/XilinxP
   rocessorIPLib/pcores/xps_ethernetlite_v4_00_a/data/xps_ethernetlite_v2_1_0.mp
   d line 86 
INFO:EDK:4130 - IPNAME: xps_ethernetlite, INSTANCE:Ethernet_MAC - tool is
   overriding PARAMETER C_SPLB_NUM_MASTERS value to 3 -
   /opt/york/cs/net/xilinx-design-suite-14.3-x86_64-1/14.3/ISE_DS/EDK/hw/XilinxP
   rocessorIPLib/pcores/xps_ethernetlite_v4_00_a/data/xps_ethernetlite_v2_1_0.mp
   d line 87 
INFO:EDK:4130 - IPNAME: mdm, INSTANCE:mdm_0 - tool is overriding PARAMETER
   C_SPLB_DWIDTH value to 64 -
   /opt/york/cs/net/xilinx-design-suite-14.3-x86_64-1/14.3/ISE_DS/EDK/hw/XilinxP
   rocessorIPLib/pcores/mdm_v2_10_a/data/mdm_v2_1_0.mpd line 115 
INFO:EDK:4130 - IPNAME: mdm, INSTANCE:mdm_0 - tool is overriding PARAMETER
   C_SPLB_MID_WIDTH value to 2 -
   /opt/york/cs/net/xilinx-design-suite-14.3-x86_64-1/14.3/ISE_DS/EDK/hw/XilinxP
   rocessorIPLib/pcores/mdm_v2_10_a/data/mdm_v2_1_0.mpd line 117 
INFO:EDK:4130 - IPNAME: mdm, INSTANCE:mdm_0 - tool is overriding PARAMETER
   C_SPLB_NUM_MASTERS value to 3 -
   /opt/york/cs/net/xilinx-design-suite-14.3-x86_64-1/14.3/ISE_DS/EDK/hw/XilinxP
   rocessorIPLib/pcores/mdm_v2_10_a/data/mdm_v2_1_0.mpd line 118 
INFO:EDK:4130 - IPNAME: embs_vga, INSTANCE:embs_vga_0 - tool is overriding
   PARAMETER C_SPLB_DWIDTH value to 64 -
   /usr/userfs/d/drm511/embs/embs-summer/bsp/pcores/embs_vga_v1_00_a/data/embs_v
   ga_v2_1_0.mpd line 31 
INFO:EDK:4130 - IPNAME: embs_vga, INSTANCE:embs_vga_0 - tool is overriding
   PARAMETER C_SPLB_NUM_MASTERS value to 3 -
   /usr/userfs/d/drm511/embs/embs-summer/bsp/pcores/embs_vga_v1_00_a/data/embs_v
   ga_v2_1_0.mpd line 32 
INFO:EDK:4130 - IPNAME: embs_vga, INSTANCE:embs_vga_0 - tool is overriding
   PARAMETER C_SPLB_MID_WIDTH value to 2 -
   /usr/userfs/d/drm511/embs/embs-summer/bsp/pcores/embs_vga_v1_00_a/data/embs_v
   ga_v2_1_0.mpd line 33 
INFO:EDK:4130 - IPNAME: embs_vga, INSTANCE:embs_vga_0 - tool is overriding
   PARAMETER C_MPLB_DWIDTH value to 64 -
   /usr/userfs/d/drm511/embs/embs-summer/bsp/pcores/embs_vga_v1_00_a/data/embs_v
   ga_v2_1_0.mpd line 42 

Checking platform address map ...

Checking platform configuration ...
IPNAME: plb_v46, INSTANCE: mb_plb - 3 master(s) : 8 slave(s) 
IPNAME: lmb_v10, INSTANCE: ilmb - 1 master(s) : 1 slave(s) 
IPNAME: lmb_v10, INSTANCE: dlmb - 1 master(s) : 1 slave(s) 

Checking port drivers...
WARNING:EDK:4180 - PORT: S0_AXIS_TLAST, CONNECTOR:
   toplevel_top_0_output_V_V_TLAST - No driver found. Port will be driven to GND
   -
   /opt/york/cs/net/xilinx-design-suite-14.3-x86_64-1/14.3/ISE_DS/EDK/hw/XilinxP
   rocessorIPLib/pcores/microblaze_v8_40_b/data/microblaze_v2_1_0.mpd line 863 
WARNING:EDK:4181 - PORT: M0_AXIS_TLAST, CONNECTOR: microblaze_0_M0_AXIS_TLAST -
   floating connection -
   /opt/york/cs/net/xilinx-design-suite-14.3-x86_64-1/14.3/ISE_DS/EDK/hw/XilinxP
   rocessorIPLib/pcores/microblaze_v8_40_b/data/microblaze_v2_1_0.mpd line 859 

Performing Clock DRCs...

Performing Reset DRCs...

Overriding system level properties...
INFO:EDK:4130 - IPNAME: microblaze, INSTANCE:microblaze_0 - tcl is overriding
   PARAMETER C_D_PLB value to 1 -
   /opt/york/cs/net/xilinx-design-suite-14.3-x86_64-1/14.3/ISE_DS/EDK/hw/XilinxP
   rocessorIPLib/pcores/microblaze_v8_40_b/data/microblaze_v2_1_0.mpd line 231 
INFO:EDK:4130 - IPNAME: microblaze, INSTANCE:microblaze_0 - tcl is overriding
   PARAMETER C_I_PLB value to 1 -
   /opt/york/cs/net/xilinx-design-suite-14.3-x86_64-1/14.3/ISE_DS/EDK/hw/XilinxP
   rocessorIPLib/pcores/microblaze_v8_40_b/data/microblaze_v2_1_0.mpd line 234 
INFO:EDK:4130 - IPNAME: microblaze, INSTANCE:microblaze_0 - tcl is overriding
   PARAMETER C_ADDR_TAG_BITS value to 0 -
   /opt/york/cs/net/xilinx-design-suite-14.3-x86_64-1/14.3/ISE_DS/EDK/hw/XilinxP
   rocessorIPLib/pcores/microblaze_v8_40_b/data/microblaze_v2_1_0.mpd line 335 
INFO:EDK:4130 - IPNAME: microblaze, INSTANCE:microblaze_0 - tcl is overriding
   PARAMETER C_DCACHE_ADDR_TAG value to 0 -
   /opt/york/cs/net/xilinx-design-suite-14.3-x86_64-1/14.3/ISE_DS/EDK/hw/XilinxP
   rocessorIPLib/pcores/microblaze_v8_40_b/data/microblaze_v2_1_0.mpd line 365 
INFO:EDK:4130 - IPNAME: microblaze, INSTANCE:microblaze_0 - tcl is overriding
   PARAMETER C_USE_EXT_BRK value to 1 -
   /opt/york/cs/net/xilinx-design-suite-14.3-x86_64-1/14.3/ISE_DS/EDK/hw/XilinxP
   rocessorIPLib/pcores/microblaze_v8_40_b/data/microblaze_v2_1_0.mpd line 400 
INFO:EDK:4130 - IPNAME: microblaze, INSTANCE:microblaze_0 - tcl is overriding
   PARAMETER C_USE_EXT_NM_BRK value to 1 -
   /opt/york/cs/net/xilinx-design-suite-14.3-x86_64-1/14.3/ISE_DS/EDK/hw/XilinxP
   rocessorIPLib/pcores/microblaze_v8_40_b/data/microblaze_v2_1_0.mpd line 401 
INFO:EDK:4130 - IPNAME: lmb_bram_if_cntlr, INSTANCE:dlmb_cntlr - tcl is
   overriding PARAMETER C_MASK value to 0x80000000 -
   /opt/york/cs/net/xilinx-design-suite-14.3-x86_64-1/14.3/ISE_DS/EDK/hw/XilinxP
   rocessorIPLib/pcores/lmb_bram_if_cntlr_v3_10_b/data/lmb_bram_if_cntlr_v2_1_0.
   mpd line 91 
INFO:EDK:4130 - IPNAME: lmb_bram_if_cntlr, INSTANCE:ilmb_cntlr - tcl is
   overriding PARAMETER C_MASK value to 0x80000000 -
   /opt/york/cs/net/xilinx-design-suite-14.3-x86_64-1/14.3/ISE_DS/EDK/hw/XilinxP
   rocessorIPLib/pcores/lmb_bram_if_cntlr_v3_10_b/data/lmb_bram_if_cntlr_v2_1_0.
   mpd line 91 
INFO:EDK:4130 - IPNAME: mpmc, INSTANCE:DDR_SDRAM - tcl is overriding PARAMETER
   C_MEM_CAS_LATENCY value to 2 -
   /opt/york/cs/net/xilinx-design-suite-14.3-x86_64-1/14.3/ISE_DS/EDK/hw/XilinxP
   rocessorIPLib/pcores/mpmc_v6_06_a/data/mpmc_v2_1_0.mpd line 298 
INFO:EDK:4130 - IPNAME: mpmc, INSTANCE:DDR_SDRAM - tcl is overriding PARAMETER
   C_PIM0_B_SUBTYPE value to PLB -
   /opt/york/cs/net/xilinx-design-suite-14.3-x86_64-1/14.3/ISE_DS/EDK/hw/XilinxP
   rocessorIPLib/pcores/mpmc_v6_06_a/data/mpmc_v2_1_0.mpd line 359 
INFO:EDK:4130 - IPNAME: mpmc, INSTANCE:DDR_SDRAM - tcl is overriding PARAMETER
   C_TWR value to 15000 -
   /opt/york/cs/net/xilinx-design-suite-14.3-x86_64-1/14.3/ISE_DS/EDK/hw/XilinxP
   rocessorIPLib/pcores/mpmc_v6_06_a/data/mpmc_v2_1_0.mpd line 767 
INFO:EDK:4130 - IPNAME: mpmc, INSTANCE:DDR_SDRAM - tcl is overriding PARAMETER
   C_CTRL_IS_WRITE_INDEX value to 1 -
   /opt/york/cs/net/xilinx-design-suite-14.3-x86_64-1/14.3/ISE_DS/EDK/hw/XilinxP
   rocessorIPLib/pcores/mpmc_v6_06_a/data/mpmc_v2_1_0.mpd line 769 
INFO:EDK:4130 - IPNAME: mpmc, INSTANCE:DDR_SDRAM - tcl is overriding PARAMETER
   C_CTRL_PHYIF_RAS_N_INDEX value to 2 -
   /opt/york/cs/net/xilinx-design-suite-14.3-x86_64-1/14.3/ISE_DS/EDK/hw/XilinxP
   rocessorIPLib/pcores/mpmc_v6_06_a/data/mpmc_v2_1_0.mpd line 770 
INFO:EDK:4130 - IPNAME: mpmc, INSTANCE:DDR_SDRAM - tcl is overriding PARAMETER
   C_CTRL_PHYIF_CAS_N_INDEX value to 3 -
   /opt/york/cs/net/xilinx-design-suite-14.3-x86_64-1/14.3/ISE_DS/EDK/hw/XilinxP
   rocessorIPLib/pcores/mpmc_v6_06_a/data/mpmc_v2_1_0.mpd line 771 
INFO:EDK:4130 - IPNAME: mpmc, INSTANCE:DDR_SDRAM - tcl is overriding PARAMETER
   C_CTRL_PHYIF_WE_N_INDEX value to 4 -
   /opt/york/cs/net/xilinx-design-suite-14.3-x86_64-1/14.3/ISE_DS/EDK/hw/XilinxP
   rocessorIPLib/pcores/mpmc_v6_06_a/data/mpmc_v2_1_0.mpd line 772 
INFO:EDK:4130 - IPNAME: mpmc, INSTANCE:DDR_SDRAM - tcl is overriding PARAMETER
   C_CTRL_RMW_INDEX value to 6 -
   /opt/york/cs/net/xilinx-design-suite-14.3-x86_64-1/14.3/ISE_DS/EDK/hw/XilinxP
   rocessorIPLib/pcores/mpmc_v6_06_a/data/mpmc_v2_1_0.mpd line 773 
INFO:EDK:4130 - IPNAME: mpmc, INSTANCE:DDR_SDRAM - tcl is overriding PARAMETER
   C_CTRL_SKIP_0_INDEX value to 7 -
   /opt/york/cs/net/xilinx-design-suite-14.3-x86_64-1/14.3/ISE_DS/EDK/hw/XilinxP
   rocessorIPLib/pcores/mpmc_v6_06_a/data/mpmc_v2_1_0.mpd line 774 
INFO:EDK:4130 - IPNAME: mpmc, INSTANCE:DDR_SDRAM - tcl is overriding PARAMETER
   C_CTRL_PHYIF_DQS_O_INDEX value to 8 -
   /opt/york/cs/net/xilinx-design-suite-14.3-x86_64-1/14.3/ISE_DS/EDK/hw/XilinxP
   rocessorIPLib/pcores/mpmc_v6_06_a/data/mpmc_v2_1_0.mpd line 775 
INFO:EDK:4130 - IPNAME: mpmc, INSTANCE:DDR_SDRAM - tcl is overriding PARAMETER
   C_CTRL_SKIP_1_INDEX value to 9 -
   /opt/york/cs/net/xilinx-design-suite-14.3-x86_64-1/14.3/ISE_DS/EDK/hw/XilinxP
   rocessorIPLib/pcores/mpmc_v6_06_a/data/mpmc_v2_1_0.mpd line 776 
INFO:EDK:4130 - IPNAME: mpmc, INSTANCE:DDR_SDRAM - tcl is overriding PARAMETER
   C_CTRL_DP_RDFIFO_PUSH_INDEX value to 10 -
   /opt/york/cs/net/xilinx-design-suite-14.3-x86_64-1/14.3/ISE_DS/EDK/hw/XilinxP
   rocessorIPLib/pcores/mpmc_v6_06_a/data/mpmc_v2_1_0.mpd line 777 
INFO:EDK:4130 - IPNAME: mpmc, INSTANCE:DDR_SDRAM - tcl is overriding PARAMETER
   C_CTRL_SKIP_2_INDEX value to 11 -
   /opt/york/cs/net/xilinx-design-suite-14.3-x86_64-1/14.3/ISE_DS/EDK/hw/XilinxP
   rocessorIPLib/pcores/mpmc_v6_06_a/data/mpmc_v2_1_0.mpd line 778 
INFO:EDK:4130 - IPNAME: mpmc, INSTANCE:DDR_SDRAM - tcl is overriding PARAMETER
   C_CTRL_AP_COL_CNT_LOAD_INDEX value to 12 -
   /opt/york/cs/net/xilinx-design-suite-14.3-x86_64-1/14.3/ISE_DS/EDK/hw/XilinxP
   rocessorIPLib/pcores/mpmc_v6_06_a/data/mpmc_v2_1_0.mpd line 779 
INFO:EDK:4130 - IPNAME: mpmc, INSTANCE:DDR_SDRAM - tcl is overriding PARAMETER
   C_CTRL_AP_COL_CNT_ENABLE_INDEX value to 13 -
   /opt/york/cs/net/xilinx-design-suite-14.3-x86_64-1/14.3/ISE_DS/EDK/hw/XilinxP
   rocessorIPLib/pcores/mpmc_v6_06_a/data/mpmc_v2_1_0.mpd line 780 
INFO:EDK:4130 - IPNAME: mpmc, INSTANCE:DDR_SDRAM - tcl is overriding PARAMETER
   C_CTRL_AP_PRECHARGE_ADDR10_INDEX value to 14 -
   /opt/york/cs/net/xilinx-design-suite-14.3-x86_64-1/14.3/ISE_DS/EDK/hw/XilinxP
   rocessorIPLib/pcores/mpmc_v6_06_a/data/mpmc_v2_1_0.mpd line 781 
INFO:EDK:4130 - IPNAME: mpmc, INSTANCE:DDR_SDRAM - tcl is overriding PARAMETER
   C_CTRL_AP_ROW_COL_SEL_INDEX value to 15 -
   /opt/york/cs/net/xilinx-design-suite-14.3-x86_64-1/14.3/ISE_DS/EDK/hw/XilinxP
   rocessorIPLib/pcores/mpmc_v6_06_a/data/mpmc_v2_1_0.mpd line 782 
INFO:EDK:4130 - IPNAME: mpmc, INSTANCE:DDR_SDRAM - tcl is overriding PARAMETER
   C_CTRL_PHYIF_FORCE_DM_INDEX value to 16 -
   /opt/york/cs/net/xilinx-design-suite-14.3-x86_64-1/14.3/ISE_DS/EDK/hw/XilinxP
   rocessorIPLib/pcores/mpmc_v6_06_a/data/mpmc_v2_1_0.mpd line 783 
INFO:EDK:4130 - IPNAME: mpmc, INSTANCE:DDR_SDRAM - tcl is overriding PARAMETER
   C_CTRL_REPEAT4_INDEX value to 17 -
   /opt/york/cs/net/xilinx-design-suite-14.3-x86_64-1/14.3/ISE_DS/EDK/hw/XilinxP
   rocessorIPLib/pcores/mpmc_v6_06_a/data/mpmc_v2_1_0.mpd line 784 
INFO:EDK:4130 - IPNAME: mpmc, INSTANCE:DDR_SDRAM - tcl is overriding PARAMETER
   C_CTRL_ARB_RDMODWR_DELAY value to 2 -
   /opt/york/cs/net/xilinx-design-suite-14.3-x86_64-1/14.3/ISE_DS/EDK/hw/XilinxP
   rocessorIPLib/pcores/mpmc_v6_06_a/data/mpmc_v2_1_0.mpd line 795 
INFO:EDK:4130 - IPNAME: mpmc, INSTANCE:DDR_SDRAM - tcl is overriding PARAMETER
   C_CTRL_AP_COL_DELAY value to 1 -
   /opt/york/cs/net/xilinx-design-suite-14.3-x86_64-1/14.3/ISE_DS/EDK/hw/XilinxP
   rocessorIPLib/pcores/mpmc_v6_06_a/data/mpmc_v2_1_0.mpd line 796 
INFO:EDK:4130 - IPNAME: mpmc, INSTANCE:DDR_SDRAM - tcl is overriding PARAMETER
   C_CTRL_DP_LOAD_RDWDADDR_DELAY value to 2 -
   /opt/york/cs/net/xilinx-design-suite-14.3-x86_64-1/14.3/ISE_DS/EDK/hw/XilinxP
   rocessorIPLib/pcores/mpmc_v6_06_a/data/mpmc_v2_1_0.mpd line 800 
INFO:EDK:4130 - IPNAME: mpmc, INSTANCE:DDR_SDRAM - tcl is overriding PARAMETER
   C_CTRL_DP_RDFIFO_WHICHPORT_DELAY value to 12 -
   /opt/york/cs/net/xilinx-design-suite-14.3-x86_64-1/14.3/ISE_DS/EDK/hw/XilinxP
   rocessorIPLib/pcores/mpmc_v6_06_a/data/mpmc_v2_1_0.mpd line 801 
INFO:EDK:4130 - IPNAME: mpmc, INSTANCE:DDR_SDRAM - tcl is overriding PARAMETER
   C_CTRL_DP_SIZE_DELAY value to 2 -
   /opt/york/cs/net/xilinx-design-suite-14.3-x86_64-1/14.3/ISE_DS/EDK/hw/XilinxP
   rocessorIPLib/pcores/mpmc_v6_06_a/data/mpmc_v2_1_0.mpd line 802 
INFO:EDK:4130 - IPNAME: mpmc, INSTANCE:DDR_SDRAM - tcl is overriding PARAMETER
   C_CTRL_DP_WRFIFO_WHICHPORT_DELAY value to 3 -
   /opt/york/cs/net/xilinx-design-suite-14.3-x86_64-1/14.3/ISE_DS/EDK/hw/XilinxP
   rocessorIPLib/pcores/mpmc_v6_06_a/data/mpmc_v2_1_0.mpd line 803 
INFO:EDK:4130 - IPNAME: mpmc, INSTANCE:DDR_SDRAM - tcl is overriding PARAMETER
   C_CTRL_PHYIF_DUMMYREADSTART_DELAY value to 5 -
   /opt/york/cs/net/xilinx-design-suite-14.3-x86_64-1/14.3/ISE_DS/EDK/hw/XilinxP
   rocessorIPLib/pcores/mpmc_v6_06_a/data/mpmc_v2_1_0.mpd line 804 
INFO:EDK:4130 - IPNAME: mpmc, INSTANCE:DDR_SDRAM - tcl is overriding PARAMETER
   C_CTRL_Q0_DELAY value to 1 -
   /opt/york/cs/net/xilinx-design-suite-14.3-x86_64-1/14.3/ISE_DS/EDK/hw/XilinxP
   rocessorIPLib/pcores/mpmc_v6_06_a/data/mpmc_v2_1_0.mpd line 805 
INFO:EDK:4130 - IPNAME: mpmc, INSTANCE:DDR_SDRAM - tcl is overriding PARAMETER
   C_CTRL_Q1_DELAY value to 1 -
   /opt/york/cs/net/xilinx-design-suite-14.3-x86_64-1/14.3/ISE_DS/EDK/hw/XilinxP
   rocessorIPLib/pcores/mpmc_v6_06_a/data/mpmc_v2_1_0.mpd line 806 
INFO:EDK:4130 - IPNAME: mpmc, INSTANCE:DDR_SDRAM - tcl is overriding PARAMETER
   C_CTRL_Q2_DELAY value to 1 -
   /opt/york/cs/net/xilinx-design-suite-14.3-x86_64-1/14.3/ISE_DS/EDK/hw/XilinxP
   rocessorIPLib/pcores/mpmc_v6_06_a/data/mpmc_v2_1_0.mpd line 807 
INFO:EDK:4130 - IPNAME: mpmc, INSTANCE:DDR_SDRAM - tcl is overriding PARAMETER
   C_CTRL_Q3_DELAY value to 1 -
   /opt/york/cs/net/xilinx-design-suite-14.3-x86_64-1/14.3/ISE_DS/EDK/hw/XilinxP
   rocessorIPLib/pcores/mpmc_v6_06_a/data/mpmc_v2_1_0.mpd line 808 
INFO:EDK:4130 - IPNAME: mpmc, INSTANCE:DDR_SDRAM - tcl is overriding PARAMETER
   C_CTRL_Q4_DELAY value to 1 -
   /opt/york/cs/net/xilinx-design-suite-14.3-x86_64-1/14.3/ISE_DS/EDK/hw/XilinxP
   rocessorIPLib/pcores/mpmc_v6_06_a/data/mpmc_v2_1_0.mpd line 809 
INFO:EDK:4130 - IPNAME: mpmc, INSTANCE:DDR_SDRAM - tcl is overriding PARAMETER
   C_CTRL_Q6_DELAY value to 4 -
   /opt/york/cs/net/xilinx-design-suite-14.3-x86_64-1/14.3/ISE_DS/EDK/hw/XilinxP
   rocessorIPLib/pcores/mpmc_v6_06_a/data/mpmc_v2_1_0.mpd line 811 
INFO:EDK:4130 - IPNAME: mpmc, INSTANCE:DDR_SDRAM - tcl is overriding PARAMETER
   C_CTRL_Q7_DELAY value to 1 -
   /opt/york/cs/net/xilinx-design-suite-14.3-x86_64-1/14.3/ISE_DS/EDK/hw/XilinxP
   rocessorIPLib/pcores/mpmc_v6_06_a/data/mpmc_v2_1_0.mpd line 812 
INFO:EDK:4130 - IPNAME: mpmc, INSTANCE:DDR_SDRAM - tcl is overriding PARAMETER
   C_CTRL_Q9_DELAY value to 1 -
   /opt/york/cs/net/xilinx-design-suite-14.3-x86_64-1/14.3/ISE_DS/EDK/hw/XilinxP
   rocessorIPLib/pcores/mpmc_v6_06_a/data/mpmc_v2_1_0.mpd line 814 
INFO:EDK:4130 - IPNAME: mpmc, INSTANCE:DDR_SDRAM - tcl is overriding PARAMETER
   C_CTRL_Q10_DELAY value to 1 -
   /opt/york/cs/net/xilinx-design-suite-14.3-x86_64-1/14.3/ISE_DS/EDK/hw/XilinxP
   rocessorIPLib/pcores/mpmc_v6_06_a/data/mpmc_v2_1_0.mpd line 815 
INFO:EDK:4130 - IPNAME: mpmc, INSTANCE:DDR_SDRAM - tcl is overriding PARAMETER
   C_CTRL_Q11_DELAY value to 1 -
   /opt/york/cs/net/xilinx-design-suite-14.3-x86_64-1/14.3/ISE_DS/EDK/hw/XilinxP
   rocessorIPLib/pcores/mpmc_v6_06_a/data/mpmc_v2_1_0.mpd line 816 
INFO:EDK:4130 - IPNAME: mpmc, INSTANCE:DDR_SDRAM - tcl is overriding PARAMETER
   C_CTRL_Q12_DELAY value to 1 -
   /opt/york/cs/net/xilinx-design-suite-14.3-x86_64-1/14.3/ISE_DS/EDK/hw/XilinxP
   rocessorIPLib/pcores/mpmc_v6_06_a/data/mpmc_v2_1_0.mpd line 817 
INFO:EDK:4130 - IPNAME: mpmc, INSTANCE:DDR_SDRAM - tcl is overriding PARAMETER
   C_CTRL_Q13_DELAY value to 1 -
   /opt/york/cs/net/xilinx-design-suite-14.3-x86_64-1/14.3/ISE_DS/EDK/hw/XilinxP
   rocessorIPLib/pcores/mpmc_v6_06_a/data/mpmc_v2_1_0.mpd line 818 
INFO:EDK:4130 - IPNAME: mpmc, INSTANCE:DDR_SDRAM - tcl is overriding PARAMETER
   C_CTRL_Q14_DELAY value to 1 -
   /opt/york/cs/net/xilinx-design-suite-14.3-x86_64-1/14.3/ISE_DS/EDK/hw/XilinxP
   rocessorIPLib/pcores/mpmc_v6_06_a/data/mpmc_v2_1_0.mpd line 819 
INFO:EDK:4130 - IPNAME: mpmc, INSTANCE:DDR_SDRAM - tcl is overriding PARAMETER
   C_CTRL_Q15_DELAY value to 1 -
   /opt/york/cs/net/xilinx-design-suite-14.3-x86_64-1/14.3/ISE_DS/EDK/hw/XilinxP
   rocessorIPLib/pcores/mpmc_v6_06_a/data/mpmc_v2_1_0.mpd line 820 
INFO:EDK:4130 - IPNAME: mpmc, INSTANCE:DDR_SDRAM - tcl is overriding PARAMETER
   C_CTRL_Q17_DELAY value to 1 -
   /opt/york/cs/net/xilinx-design-suite-14.3-x86_64-1/14.3/ISE_DS/EDK/hw/XilinxP
   rocessorIPLib/pcores/mpmc_v6_06_a/data/mpmc_v2_1_0.mpd line 822 
INFO:EDK:4130 - IPNAME: mpmc, INSTANCE:DDR_SDRAM - tcl is overriding PARAMETER
   C_SKIP_1_VALUE value to 0x001 -
   /opt/york/cs/net/xilinx-design-suite-14.3-x86_64-1/14.3/ISE_DS/EDK/hw/XilinxP
   rocessorIPLib/pcores/mpmc_v6_06_a/data/mpmc_v2_1_0.mpd line 841 
INFO:EDK:4130 - IPNAME: mpmc, INSTANCE:DDR_SDRAM - tcl is overriding PARAMETER
   C_SKIP_2_VALUE value to 0x001 -
   /opt/york/cs/net/xilinx-design-suite-14.3-x86_64-1/14.3/ISE_DS/EDK/hw/XilinxP
   rocessorIPLib/pcores/mpmc_v6_06_a/data/mpmc_v2_1_0.mpd line 842 
INFO:EDK:4130 - IPNAME: mpmc, INSTANCE:DDR_SDRAM - tcl is overriding PARAMETER
   C_SKIP_3_VALUE value to 0x001 -
   /opt/york/cs/net/xilinx-design-suite-14.3-x86_64-1/14.3/ISE_DS/EDK/hw/XilinxP
   rocessorIPLib/pcores/mpmc_v6_06_a/data/mpmc_v2_1_0.mpd line 843 
INFO:EDK:4130 - IPNAME: mpmc, INSTANCE:DDR_SDRAM - tcl is overriding PARAMETER
   C_SKIP_4_VALUE value to 0x001 -
   /opt/york/cs/net/xilinx-design-suite-14.3-x86_64-1/14.3/ISE_DS/EDK/hw/XilinxP
   rocessorIPLib/pcores/mpmc_v6_06_a/data/mpmc_v2_1_0.mpd line 844 
INFO:EDK:4130 - IPNAME: mpmc, INSTANCE:DDR_SDRAM - tcl is overriding PARAMETER
   C_SKIP_5_VALUE value to 0x001 -
   /opt/york/cs/net/xilinx-design-suite-14.3-x86_64-1/14.3/ISE_DS/EDK/hw/XilinxP
   rocessorIPLib/pcores/mpmc_v6_06_a/data/mpmc_v2_1_0.mpd line 845 
INFO:EDK:4130 - IPNAME: mpmc, INSTANCE:DDR_SDRAM - tcl is overriding PARAMETER
   C_SKIP_6_VALUE value to 0x001 -
   /opt/york/cs/net/xilinx-design-suite-14.3-x86_64-1/14.3/ISE_DS/EDK/hw/XilinxP
   rocessorIPLib/pcores/mpmc_v6_06_a/data/mpmc_v2_1_0.mpd line 846 
INFO:EDK:4130 - IPNAME: mpmc, INSTANCE:DDR_SDRAM - tcl is overriding PARAMETER
   C_SKIP_7_VALUE value to 0x001 -
   /opt/york/cs/net/xilinx-design-suite-14.3-x86_64-1/14.3/ISE_DS/EDK/hw/XilinxP
   rocessorIPLib/pcores/mpmc_v6_06_a/data/mpmc_v2_1_0.mpd line 847 
INFO:EDK:4130 - IPNAME: mpmc, INSTANCE:DDR_SDRAM - tcl is overriding PARAMETER
   C_B32_REPEAT_CNT value to 6 -
   /opt/york/cs/net/xilinx-design-suite-14.3-x86_64-1/14.3/ISE_DS/EDK/hw/XilinxP
   rocessorIPLib/pcores/mpmc_v6_06_a/data/mpmc_v2_1_0.mpd line 849 
INFO:EDK:4130 - IPNAME: mpmc, INSTANCE:DDR_SDRAM - tcl is overriding PARAMETER
   C_B64_REPEAT_CNT value to 14 -
   /opt/york/cs/net/xilinx-design-suite-14.3-x86_64-1/14.3/ISE_DS/EDK/hw/XilinxP
   rocessorIPLib/pcores/mpmc_v6_06_a/data/mpmc_v2_1_0.mpd line 850 
INFO:EDK:4130 - IPNAME: mpmc, INSTANCE:DDR_SDRAM - tcl is overriding PARAMETER
   C_HIGHADDR_CTRL0 value to 0x009 -
   /opt/york/cs/net/xilinx-design-suite-14.3-x86_64-1/14.3/ISE_DS/EDK/hw/XilinxP
   rocessorIPLib/pcores/mpmc_v6_06_a/data/mpmc_v2_1_0.mpd line 853 
INFO:EDK:4130 - IPNAME: mpmc, INSTANCE:DDR_SDRAM - tcl is overriding PARAMETER
   C_BASEADDR_CTRL1 value to 0x00a -
   /opt/york/cs/net/xilinx-design-suite-14.3-x86_64-1/14.3/ISE_DS/EDK/hw/XilinxP
   rocessorIPLib/pcores/mpmc_v6_06_a/data/mpmc_v2_1_0.mpd line 854 
INFO:EDK:4130 - IPNAME: mpmc, INSTANCE:DDR_SDRAM - tcl is overriding PARAMETER
   C_HIGHADDR_CTRL1 value to 0x010 -
   /opt/york/cs/net/xilinx-design-suite-14.3-x86_64-1/14.3/ISE_DS/EDK/hw/XilinxP
   rocessorIPLib/pcores/mpmc_v6_06_a/data/mpmc_v2_1_0.mpd line 855 
INFO:EDK:4130 - IPNAME: mpmc, INSTANCE:DDR_SDRAM - tcl is overriding PARAMETER
   C_BASEADDR_CTRL2 value to 0x011 -
   /opt/york/cs/net/xilinx-design-suite-14.3-x86_64-1/14.3/ISE_DS/EDK/hw/XilinxP
   rocessorIPLib/pcores/mpmc_v6_06_a/data/mpmc_v2_1_0.mpd line 856 
INFO:EDK:4130 - IPNAME: mpmc, INSTANCE:DDR_SDRAM - tcl is overriding PARAMETER
   C_HIGHADDR_CTRL2 value to 0x01a -
   /opt/york/cs/net/xilinx-design-suite-14.3-x86_64-1/14.3/ISE_DS/EDK/hw/XilinxP
   rocessorIPLib/pcores/mpmc_v6_06_a/data/mpmc_v2_1_0.mpd line 857 
INFO:EDK:4130 - IPNAME: mpmc, INSTANCE:DDR_SDRAM - tcl is overriding PARAMETER
   C_BASEADDR_CTRL3 value to 0x01b -
   /opt/york/cs/net/xilinx-design-suite-14.3-x86_64-1/14.3/ISE_DS/EDK/hw/XilinxP
   rocessorIPLib/pcores/mpmc_v6_06_a/data/mpmc_v2_1_0.mpd line 858 
INFO:EDK:4130 - IPNAME: mpmc, INSTANCE:DDR_SDRAM - tcl is overriding PARAMETER
   C_HIGHADDR_CTRL3 value to 0x021 -
   /opt/york/cs/net/xilinx-design-suite-14.3-x86_64-1/14.3/ISE_DS/EDK/hw/XilinxP
   rocessorIPLib/pcores/mpmc_v6_06_a/data/mpmc_v2_1_0.mpd line 859 
INFO:EDK:4130 - IPNAME: mpmc, INSTANCE:DDR_SDRAM - tcl is overriding PARAMETER
   C_BASEADDR_CTRL4 value to 0x022 -
   /opt/york/cs/net/xilinx-design-suite-14.3-x86_64-1/14.3/ISE_DS/EDK/hw/XilinxP
   rocessorIPLib/pcores/mpmc_v6_06_a/data/mpmc_v2_1_0.mpd line 860 
INFO:EDK:4130 - IPNAME: mpmc, INSTANCE:DDR_SDRAM - tcl is overriding PARAMETER
   C_HIGHADDR_CTRL4 value to 0x02d -
   /opt/york/cs/net/xilinx-design-suite-14.3-x86_64-1/14.3/ISE_DS/EDK/hw/XilinxP
   rocessorIPLib/pcores/mpmc_v6_06_a/data/mpmc_v2_1_0.mpd line 861 
INFO:EDK:4130 - IPNAME: mpmc, INSTANCE:DDR_SDRAM - tcl is overriding PARAMETER
   C_BASEADDR_CTRL5 value to 0x02e -
   /opt/york/cs/net/xilinx-design-suite-14.3-x86_64-1/14.3/ISE_DS/EDK/hw/XilinxP
   rocessorIPLib/pcores/mpmc_v6_06_a/data/mpmc_v2_1_0.mpd line 862 
INFO:EDK:4130 - IPNAME: mpmc, INSTANCE:DDR_SDRAM - tcl is overriding PARAMETER
   C_HIGHADDR_CTRL5 value to 0x035 -
   /opt/york/cs/net/xilinx-design-suite-14.3-x86_64-1/14.3/ISE_DS/EDK/hw/XilinxP
   rocessorIPLib/pcores/mpmc_v6_06_a/data/mpmc_v2_1_0.mpd line 863 
INFO:EDK:4130 - IPNAME: mpmc, INSTANCE:DDR_SDRAM - tcl is overriding PARAMETER
   C_BASEADDR_CTRL6 value to 0x036 -
   /opt/york/cs/net/xilinx-design-suite-14.3-x86_64-1/14.3/ISE_DS/EDK/hw/XilinxP
   rocessorIPLib/pcores/mpmc_v6_06_a/data/mpmc_v2_1_0.mpd line 864 
INFO:EDK:4130 - IPNAME: mpmc, INSTANCE:DDR_SDRAM - tcl is overriding PARAMETER
   C_HIGHADDR_CTRL6 value to 0x045 -
   /opt/york/cs/net/xilinx-design-suite-14.3-x86_64-1/14.3/ISE_DS/EDK/hw/XilinxP
   rocessorIPLib/pcores/mpmc_v6_06_a/data/mpmc_v2_1_0.mpd line 865 
INFO:EDK:4130 - IPNAME: mpmc, INSTANCE:DDR_SDRAM - tcl is overriding PARAMETER
   C_BASEADDR_CTRL7 value to 0x046 -
   /opt/york/cs/net/xilinx-design-suite-14.3-x86_64-1/14.3/ISE_DS/EDK/hw/XilinxP
   rocessorIPLib/pcores/mpmc_v6_06_a/data/mpmc_v2_1_0.mpd line 866 
INFO:EDK:4130 - IPNAME: mpmc, INSTANCE:DDR_SDRAM - tcl is overriding PARAMETER
   C_HIGHADDR_CTRL7 value to 0x051 -
   /opt/york/cs/net/xilinx-design-suite-14.3-x86_64-1/14.3/ISE_DS/EDK/hw/XilinxP
   rocessorIPLib/pcores/mpmc_v6_06_a/data/mpmc_v2_1_0.mpd line 867 
INFO:EDK:4130 - IPNAME: mpmc, INSTANCE:DDR_SDRAM - tcl is overriding PARAMETER
   C_BASEADDR_CTRL8 value to 0x052 -
   /opt/york/cs/net/xilinx-design-suite-14.3-x86_64-1/14.3/ISE_DS/EDK/hw/XilinxP
   rocessorIPLib/pcores/mpmc_v6_06_a/data/mpmc_v2_1_0.mpd line 868 
INFO:EDK:4130 - IPNAME: mpmc, INSTANCE:DDR_SDRAM - tcl is overriding PARAMETER
   C_HIGHADDR_CTRL8 value to 0x069 -
   /opt/york/cs/net/xilinx-design-suite-14.3-x86_64-1/14.3/ISE_DS/EDK/hw/XilinxP
   rocessorIPLib/pcores/mpmc_v6_06_a/data/mpmc_v2_1_0.mpd line 869 
INFO:EDK:4130 - IPNAME: mpmc, INSTANCE:DDR_SDRAM - tcl is overriding PARAMETER
   C_BASEADDR_CTRL9 value to 0x06a -
   /opt/york/cs/net/xilinx-design-suite-14.3-x86_64-1/14.3/ISE_DS/EDK/hw/XilinxP
   rocessorIPLib/pcores/mpmc_v6_06_a/data/mpmc_v2_1_0.mpd line 870 
INFO:EDK:4130 - IPNAME: mpmc, INSTANCE:DDR_SDRAM - tcl is overriding PARAMETER
   C_HIGHADDR_CTRL9 value to 0x07d -
   /opt/york/cs/net/xilinx-design-suite-14.3-x86_64-1/14.3/ISE_DS/EDK/hw/XilinxP
   rocessorIPLib/pcores/mpmc_v6_06_a/data/mpmc_v2_1_0.mpd line 871 
INFO:EDK:4130 - IPNAME: mpmc, INSTANCE:DDR_SDRAM - tcl is overriding PARAMETER
   C_BASEADDR_CTRL10 value to 0x07e -
   /opt/york/cs/net/xilinx-design-suite-14.3-x86_64-1/14.3/ISE_DS/EDK/hw/XilinxP
   rocessorIPLib/pcores/mpmc_v6_06_a/data/mpmc_v2_1_0.mpd line 872 
INFO:EDK:4130 - IPNAME: mpmc, INSTANCE:DDR_SDRAM - tcl is overriding PARAMETER
   C_HIGHADDR_CTRL10 value to 0x08d -
   /opt/york/cs/net/xilinx-design-suite-14.3-x86_64-1/14.3/ISE_DS/EDK/hw/XilinxP
   rocessorIPLib/pcores/mpmc_v6_06_a/data/mpmc_v2_1_0.mpd line 873 
INFO:EDK:4130 - IPNAME: mpmc, INSTANCE:DDR_SDRAM - tcl is overriding PARAMETER
   C_BASEADDR_CTRL11 value to 0x08e -
   /opt/york/cs/net/xilinx-design-suite-14.3-x86_64-1/14.3/ISE_DS/EDK/hw/XilinxP
   rocessorIPLib/pcores/mpmc_v6_06_a/data/mpmc_v2_1_0.mpd line 874 
INFO:EDK:4130 - IPNAME: mpmc, INSTANCE:DDR_SDRAM - tcl is overriding PARAMETER
   C_HIGHADDR_CTRL11 value to 0x099 -
   /opt/york/cs/net/xilinx-design-suite-14.3-x86_64-1/14.3/ISE_DS/EDK/hw/XilinxP
   rocessorIPLib/pcores/mpmc_v6_06_a/data/mpmc_v2_1_0.mpd line 875 
INFO:EDK:4130 - IPNAME: mpmc, INSTANCE:DDR_SDRAM - tcl is overriding PARAMETER
   C_BASEADDR_CTRL12 value to 0x09a -
   /opt/york/cs/net/xilinx-design-suite-14.3-x86_64-1/14.3/ISE_DS/EDK/hw/XilinxP
   rocessorIPLib/pcores/mpmc_v6_06_a/data/mpmc_v2_1_0.mpd line 876 
INFO:EDK:4130 - IPNAME: mpmc, INSTANCE:DDR_SDRAM - tcl is overriding PARAMETER
   C_HIGHADDR_CTRL12 value to 0x0a9 -
   /opt/york/cs/net/xilinx-design-suite-14.3-x86_64-1/14.3/ISE_DS/EDK/hw/XilinxP
   rocessorIPLib/pcores/mpmc_v6_06_a/data/mpmc_v2_1_0.mpd line 877 
INFO:EDK:4130 - IPNAME: mpmc, INSTANCE:DDR_SDRAM - tcl is overriding PARAMETER
   C_BASEADDR_CTRL13 value to 0x0aa -
   /opt/york/cs/net/xilinx-design-suite-14.3-x86_64-1/14.3/ISE_DS/EDK/hw/XilinxP
   rocessorIPLib/pcores/mpmc_v6_06_a/data/mpmc_v2_1_0.mpd line 878 
INFO:EDK:4130 - IPNAME: mpmc, INSTANCE:DDR_SDRAM - tcl is overriding PARAMETER
   C_HIGHADDR_CTRL13 value to 0x0b5 -
   /opt/york/cs/net/xilinx-design-suite-14.3-x86_64-1/14.3/ISE_DS/EDK/hw/XilinxP
   rocessorIPLib/pcores/mpmc_v6_06_a/data/mpmc_v2_1_0.mpd line 879 
INFO:EDK:4130 - IPNAME: mpmc, INSTANCE:DDR_SDRAM - tcl is overriding PARAMETER
   C_BASEADDR_CTRL14 value to 0x0b6 -
   /opt/york/cs/net/xilinx-design-suite-14.3-x86_64-1/14.3/ISE_DS/EDK/hw/XilinxP
   rocessorIPLib/pcores/mpmc_v6_06_a/data/mpmc_v2_1_0.mpd line 880 
INFO:EDK:4130 - IPNAME: mpmc, INSTANCE:DDR_SDRAM - tcl is overriding PARAMETER
   C_HIGHADDR_CTRL14 value to 0x0bf -
   /opt/york/cs/net/xilinx-design-suite-14.3-x86_64-1/14.3/ISE_DS/EDK/hw/XilinxP
   rocessorIPLib/pcores/mpmc_v6_06_a/data/mpmc_v2_1_0.mpd line 881 
INFO:EDK:4130 - IPNAME: mpmc, INSTANCE:DDR_SDRAM - tcl is overriding PARAMETER
   C_BASEADDR_CTRL15 value to 0x0c0 -
   /opt/york/cs/net/xilinx-design-suite-14.3-x86_64-1/14.3/ISE_DS/EDK/hw/XilinxP
   rocessorIPLib/pcores/mpmc_v6_06_a/data/mpmc_v2_1_0.mpd line 882 
INFO:EDK:4130 - IPNAME: mpmc, INSTANCE:DDR_SDRAM - tcl is overriding PARAMETER
   C_HIGHADDR_CTRL15 value to 0x0c1 -
   /opt/york/cs/net/xilinx-design-suite-14.3-x86_64-1/14.3/ISE_DS/EDK/hw/XilinxP
   rocessorIPLib/pcores/mpmc_v6_06_a/data/mpmc_v2_1_0.mpd line 883 
INFO:EDK:4130 - IPNAME: mpmc, INSTANCE:DDR_SDRAM - tcl is overriding PARAMETER
   C_CTRL_BRAM_INIT_19 value to
   0x000002FC000002FC000002FC000002FC000002FC000002FC000002FC000002FC -
   /opt/york/cs/net/xilinx-design-suite-14.3-x86_64-1/14.3/ISE_DS/EDK/hw/XilinxP
   rocessorIPLib/pcores/mpmc_v6_06_a/data/mpmc_v2_1_0.mpd line 924 
INFO:EDK:4130 - IPNAME: mpmc, INSTANCE:DDR_SDRAM - tcl is overriding PARAMETER
   C_CTRL_BRAM_INIT_18 value to
   0x000002FC000002FC000002FC000002FC000002FC000002FC0000001C0000001C -
   /opt/york/cs/net/xilinx-design-suite-14.3-x86_64-1/14.3/ISE_DS/EDK/hw/XilinxP
   rocessorIPLib/pcores/mpmc_v6_06_a/data/mpmc_v2_1_0.mpd line 925 
INFO:EDK:4130 - IPNAME: mpmc, INSTANCE:DDR_SDRAM - tcl is overriding PARAMETER
   C_CTRL_BRAM_INIT_17 value to
   0x0000001C0000001C0000001C0000001C0000001C0000001D0000001C00000010 -
   /opt/york/cs/net/xilinx-design-suite-14.3-x86_64-1/14.3/ISE_DS/EDK/hw/XilinxP
   rocessorIPLib/pcores/mpmc_v6_06_a/data/mpmc_v2_1_0.mpd line 926 
INFO:EDK:4130 - IPNAME: mpmc, INSTANCE:DDR_SDRAM - tcl is overriding PARAMETER
   C_CTRL_BRAM_INIT_16 value to
   0x0000001C000040080000001C000040080000001C000024140000041C00002415 -
   /opt/york/cs/net/xilinx-design-suite-14.3-x86_64-1/14.3/ISE_DS/EDK/hw/XilinxP
   rocessorIPLib/pcores/mpmc_v6_06_a/data/mpmc_v2_1_0.mpd line 927 
INFO:EDK:4130 - IPNAME: mpmc, INSTANCE:DDR_SDRAM - tcl is overriding PARAMETER
   C_CTRL_BRAM_INIT_15 value to
   0x0000041C000024140002041C000024140000141C000080180000001E0000001E -
   /opt/york/cs/net/xilinx-design-suite-14.3-x86_64-1/14.3/ISE_DS/EDK/hw/XilinxP
   rocessorIPLib/pcores/mpmc_v6_06_a/data/mpmc_v2_1_0.mpd line 928 
INFO:EDK:4130 - IPNAME: mpmc, INSTANCE:DDR_SDRAM - tcl is overriding PARAMETER
   C_CTRL_BRAM_INIT_14 value to
   0x0000400A0000001E0000001E0000201F0000001E000021060000011E00002106 -
   /opt/york/cs/net/xilinx-design-suite-14.3-x86_64-1/14.3/ISE_DS/EDK/hw/XilinxP
   rocessorIPLib/pcores/mpmc_v6_06_a/data/mpmc_v2_1_0.mpd line 929 
INFO:EDK:4130 - IPNAME: mpmc, INSTANCE:DDR_SDRAM - tcl is overriding PARAMETER
   C_CTRL_BRAM_INIT_13 value to
   0x0000011E000021060002011E000021060000111E0000801A0000001C00004008 -
   /opt/york/cs/net/xilinx-design-suite-14.3-x86_64-1/14.3/ISE_DS/EDK/hw/XilinxP
   rocessorIPLib/pcores/mpmc_v6_06_a/data/mpmc_v2_1_0.mpd line 930 
INFO:EDK:4130 - IPNAME: mpmc, INSTANCE:DDR_SDRAM - tcl is overriding PARAMETER
   C_CTRL_BRAM_INIT_12 value to
   0x0000001C000024140000041C000024150000041C000024140002041C00002414 -
   /opt/york/cs/net/xilinx-design-suite-14.3-x86_64-1/14.3/ISE_DS/EDK/hw/XilinxP
   rocessorIPLib/pcores/mpmc_v6_06_a/data/mpmc_v2_1_0.mpd line 931 
INFO:EDK:4130 - IPNAME: mpmc, INSTANCE:DDR_SDRAM - tcl is overriding PARAMETER
   C_CTRL_BRAM_INIT_11 value to
   0x0000141C000080180000001E0000001E0000400A0000001E0000001E0000201F -
   /opt/york/cs/net/xilinx-design-suite-14.3-x86_64-1/14.3/ISE_DS/EDK/hw/XilinxP
   rocessorIPLib/pcores/mpmc_v6_06_a/data/mpmc_v2_1_0.mpd line 932 
INFO:EDK:4130 - IPNAME: mpmc, INSTANCE:DDR_SDRAM - tcl is overriding PARAMETER
   C_CTRL_BRAM_INIT_10 value to
   0x0000001E000021060000011E000021060000011E000021060002011E00002106 -
   /opt/york/cs/net/xilinx-design-suite-14.3-x86_64-1/14.3/ISE_DS/EDK/hw/XilinxP
   rocessorIPLib/pcores/mpmc_v6_06_a/data/mpmc_v2_1_0.mpd line 933 
INFO:EDK:4130 - IPNAME: mpmc, INSTANCE:DDR_SDRAM - tcl is overriding PARAMETER
   C_CTRL_BRAM_INIT_0F value to
   0x0000111E0000801A0000001C000040080000001C000024140000041C00002415 -
   /opt/york/cs/net/xilinx-design-suite-14.3-x86_64-1/14.3/ISE_DS/EDK/hw/XilinxP
   rocessorIPLib/pcores/mpmc_v6_06_a/data/mpmc_v2_1_0.mpd line 934 
INFO:EDK:4130 - IPNAME: mpmc, INSTANCE:DDR_SDRAM - tcl is overriding PARAMETER
   C_CTRL_BRAM_INIT_0E value to
   0x0000041C000024140000041C000024140000041C000024140000041C00002414 -
   /opt/york/cs/net/xilinx-design-suite-14.3-x86_64-1/14.3/ISE_DS/EDK/hw/XilinxP
   rocessorIPLib/pcores/mpmc_v6_06_a/data/mpmc_v2_1_0.mpd line 935 
INFO:EDK:4130 - IPNAME: mpmc, INSTANCE:DDR_SDRAM - tcl is overriding PARAMETER
   C_CTRL_BRAM_INIT_0D value to
   0x0000041C000024140000041C000024140000141C000080180000001E0000001E -
   /opt/york/cs/net/xilinx-design-suite-14.3-x86_64-1/14.3/ISE_DS/EDK/hw/XilinxP
   rocessorIPLib/pcores/mpmc_v6_06_a/data/mpmc_v2_1_0.mpd line 936 
INFO:EDK:4130 - IPNAME: mpmc, INSTANCE:DDR_SDRAM - tcl is overriding PARAMETER
   C_CTRL_BRAM_INIT_0C value to
   0x0000400A0000001E0000001E0000201F0000001E000021060000011E00002106 -
   /opt/york/cs/net/xilinx-design-suite-14.3-x86_64-1/14.3/ISE_DS/EDK/hw/XilinxP
   rocessorIPLib/pcores/mpmc_v6_06_a/data/mpmc_v2_1_0.mpd line 937 
INFO:EDK:4130 - IPNAME: mpmc, INSTANCE:DDR_SDRAM - tcl is overriding PARAMETER
   C_CTRL_BRAM_INIT_0B value to
   0x0000011E000021060000011E000021060000011E000021060000011E00002106 -
   /opt/york/cs/net/xilinx-design-suite-14.3-x86_64-1/14.3/ISE_DS/EDK/hw/XilinxP
   rocessorIPLib/pcores/mpmc_v6_06_a/data/mpmc_v2_1_0.mpd line 938 
INFO:EDK:4130 - IPNAME: mpmc, INSTANCE:DDR_SDRAM - tcl is overriding PARAMETER
   C_CTRL_BRAM_INIT_0A value to
   0x0000011E000021060000011E000021060000111E0000801A0000001C00004008 -
   /opt/york/cs/net/xilinx-design-suite-14.3-x86_64-1/14.3/ISE_DS/EDK/hw/XilinxP
   rocessorIPLib/pcores/mpmc_v6_06_a/data/mpmc_v2_1_0.mpd line 939 
INFO:EDK:4130 - IPNAME: mpmc, INSTANCE:DDR_SDRAM - tcl is overriding PARAMETER
   C_CTRL_BRAM_INIT_09 value to
   0x0000001C000024140000041C000024150000041C000024140000041C00002414 -
   /opt/york/cs/net/xilinx-design-suite-14.3-x86_64-1/14.3/ISE_DS/EDK/hw/XilinxP
   rocessorIPLib/pcores/mpmc_v6_06_a/data/mpmc_v2_1_0.mpd line 940 
INFO:EDK:4130 - IPNAME: mpmc, INSTANCE:DDR_SDRAM - tcl is overriding PARAMETER
   C_CTRL_BRAM_INIT_08 value to
   0x0000141C000080180000001E0000001E0000400A0000001E0000001E0000201F -
   /opt/york/cs/net/xilinx-design-suite-14.3-x86_64-1/14.3/ISE_DS/EDK/hw/XilinxP
   rocessorIPLib/pcores/mpmc_v6_06_a/data/mpmc_v2_1_0.mpd line 941 
INFO:EDK:4130 - IPNAME: mpmc, INSTANCE:DDR_SDRAM - tcl is overriding PARAMETER
   C_CTRL_BRAM_INIT_07 value to
   0x0000001E000021060000011E000021060000011E000021060000011E00002106 -
   /opt/york/cs/net/xilinx-design-suite-14.3-x86_64-1/14.3/ISE_DS/EDK/hw/XilinxP
   rocessorIPLib/pcores/mpmc_v6_06_a/data/mpmc_v2_1_0.mpd line 942 
INFO:EDK:4130 - IPNAME: mpmc, INSTANCE:DDR_SDRAM - tcl is overriding PARAMETER
   C_CTRL_BRAM_INIT_06 value to
   0x0000111E0000801A0000001C000040080000001C000024140000041C00002415 -
   /opt/york/cs/net/xilinx-design-suite-14.3-x86_64-1/14.3/ISE_DS/EDK/hw/XilinxP
   rocessorIPLib/pcores/mpmc_v6_06_a/data/mpmc_v2_1_0.mpd line 943 
INFO:EDK:4130 - IPNAME: mpmc, INSTANCE:DDR_SDRAM - tcl is overriding PARAMETER
   C_CTRL_BRAM_INIT_05 value to
   0x0000141C000080180000001E0000001E0000400A0000001E0000001E0000201F -
   /opt/york/cs/net/xilinx-design-suite-14.3-x86_64-1/14.3/ISE_DS/EDK/hw/XilinxP
   rocessorIPLib/pcores/mpmc_v6_06_a/data/mpmc_v2_1_0.mpd line 944 
INFO:EDK:4130 - IPNAME: mpmc, INSTANCE:DDR_SDRAM - tcl is overriding PARAMETER
   C_CTRL_BRAM_INIT_04 value to
   0x0000001E000021060000011E000021060000111E0000801A0000001C00004008 -
   /opt/york/cs/net/xilinx-design-suite-14.3-x86_64-1/14.3/ISE_DS/EDK/hw/XilinxP
   rocessorIPLib/pcores/mpmc_v6_06_a/data/mpmc_v2_1_0.mpd line 945 
INFO:EDK:4130 - IPNAME: mpmc, INSTANCE:DDR_SDRAM - tcl is overriding PARAMETER
   C_CTRL_BRAM_INIT_03 value to
   0x0000001C0000001C000024140000141D000080180000001E0000001E0000400A -
   /opt/york/cs/net/xilinx-design-suite-14.3-x86_64-1/14.3/ISE_DS/EDK/hw/XilinxP
   rocessorIPLib/pcores/mpmc_v6_06_a/data/mpmc_v2_1_0.mpd line 946 
INFO:EDK:4130 - IPNAME: mpmc, INSTANCE:DDR_SDRAM - tcl is overriding PARAMETER
   C_CTRL_BRAM_INIT_02 value to
   0x0000001E0000001E0000201F0000001E000021060000111E0000801A0000001C -
   /opt/york/cs/net/xilinx-design-suite-14.3-x86_64-1/14.3/ISE_DS/EDK/hw/XilinxP
   rocessorIPLib/pcores/mpmc_v6_06_a/data/mpmc_v2_1_0.mpd line 947 
INFO:EDK:4130 - IPNAME: mpmc, INSTANCE:DDR_SDRAM - tcl is overriding PARAMETER
   C_CTRL_BRAM_INIT_01 value to
   0x000040080000001C0000001C000020140000141D000080180000001E0000001E -
   /opt/york/cs/net/xilinx-design-suite-14.3-x86_64-1/14.3/ISE_DS/EDK/hw/XilinxP
   rocessorIPLib/pcores/mpmc_v6_06_a/data/mpmc_v2_1_0.mpd line 948 
INFO:EDK:4130 - IPNAME: mpmc, INSTANCE:DDR_SDRAM - tcl is overriding PARAMETER
   C_CTRL_BRAM_INIT_00 value to
   0x0000400A0000001E0000001E0000001F0000001E000021060001111E0000801A -
   /opt/york/cs/net/xilinx-design-suite-14.3-x86_64-1/14.3/ISE_DS/EDK/hw/XilinxP
   rocessorIPLib/pcores/mpmc_v6_06_a/data/mpmc_v2_1_0.mpd line 949 
INFO:EDK:4130 - IPNAME: mpmc, INSTANCE:DDR_SDRAM - tcl is overriding PARAMETER
   C_CTRL_BRAM_INITP_03 value to
   0x0000000000000000000000000000000000000000000000000000000000000000 -
   /opt/york/cs/net/xilinx-design-suite-14.3-x86_64-1/14.3/ISE_DS/EDK/hw/XilinxP
   rocessorIPLib/pcores/mpmc_v6_06_a/data/mpmc_v2_1_0.mpd line 955 
INFO:EDK:4130 - IPNAME: mpmc, INSTANCE:DDR_SDRAM - tcl is overriding PARAMETER
   C_CTRL_BRAM_INITP_02 value to
   0x0000000000000000000000000000000000000000000000000000000000000000 -
   /opt/york/cs/net/xilinx-design-suite-14.3-x86_64-1/14.3/ISE_DS/EDK/hw/XilinxP
   rocessorIPLib/pcores/mpmc_v6_06_a/data/mpmc_v2_1_0.mpd line 956 
INFO:EDK:4130 - IPNAME: mpmc, INSTANCE:DDR_SDRAM - tcl is overriding PARAMETER
   C_CTRL_BRAM_INITP_01 value to
   0x0000000000000000000000000000000000000000000000000000000000000000 -
   /opt/york/cs/net/xilinx-design-suite-14.3-x86_64-1/14.3/ISE_DS/EDK/hw/XilinxP
   rocessorIPLib/pcores/mpmc_v6_06_a/data/mpmc_v2_1_0.mpd line 957 
INFO:EDK:4130 - IPNAME: mpmc, INSTANCE:DDR_SDRAM - tcl is overriding PARAMETER
   C_CTRL_BRAM_INITP_00 value to
   0x0000000000000000000000000000000000000000000000000000000000000000 -
   /opt/york/cs/net/xilinx-design-suite-14.3-x86_64-1/14.3/ISE_DS/EDK/hw/XilinxP
   rocessorIPLib/pcores/mpmc_v6_06_a/data/mpmc_v2_1_0.mpd line 958 

Running system level update procedures...

Running UPDATE Tcl procedures for OPTION SYSLEVEL_UPDATE_PROC...

Running system level DRCs...

Performing System level DRCs on properties...

Running DRC Tcl procedures for OPTION SYSLEVEL_DRC_PROC...
Port present in Ethernet_MAC

Running UPDATE Tcl procedures for OPTION PLATGEN_SYSLEVEL_UPDATE_PROC...
INFO: The microblaze_0 core has constraints automatically generated by XPS in
implementation/microblaze_0_wrapper/microblaze_0_wrapper.ucf.
It can be overridden by constraints placed in the system.ucf file.

INFO: The ilmb core has constraints automatically generated by XPS in
implementation/ilmb_wrapper/ilmb_wrapper.ucf.
It can be overridden by constraints placed in the system.ucf file.

INFO: The dlmb core has constraints automatically generated by XPS in
implementation/dlmb_wrapper/dlmb_wrapper.ucf.
It can be overridden by constraints placed in the system.ucf file.

INFO: The DDR_SDRAM core has constraints automatically generated by XPS in
implementation/ddr_sdram_wrapper/ddr_sdram_wrapper.ucf.
It can be overridden by constraints placed in the system.ucf file.

INFO: The Ethernet_MAC core has constraints automatically generated by XPS in
implementation/ethernet_mac_wrapper/ethernet_mac_wrapper.ucf.
It can be overridden by constraints placed in the system.ucf file.


Modify defaults ...

Creating stub ...

Processing licensed instances ...
Completion time: 0.00 seconds

Creating hardware output directories ...

Managing hardware (BBD-specified) netlist files ...
IPNAME:embs_vga INSTANCE:embs_vga_0 -
/usr/userfs/d/drm511/embs/embs-summer/bsp/system.mhs line 280 - Copying
(BBD-specified) netlist files.

Managing cache ...
IPNAME:microblaze INSTANCE:microblaze_0 -
/usr/userfs/d/drm511/embs/embs-summer/bsp/system.mhs line 56 - Copying cache
implementation netlist
IPNAME:plb_v46 INSTANCE:mb_plb -
/usr/userfs/d/drm511/embs/embs-summer/bsp/system.mhs line 74 - Copying cache
implementation netlist
IPNAME:lmb_v10 INSTANCE:ilmb -
/usr/userfs/d/drm511/embs/embs-summer/bsp/system.mhs line 81 - Copying cache
implementation netlist
IPNAME:lmb_v10 INSTANCE:dlmb -
/usr/userfs/d/drm511/embs/embs-summer/bsp/system.mhs line 88 - Copying cache
implementation netlist
IPNAME:lmb_bram_if_cntlr INSTANCE:dlmb_cntlr -
/usr/userfs/d/drm511/embs/embs-summer/bsp/system.mhs line 95 - Copying cache
implementation netlist
IPNAME:lmb_bram_if_cntlr INSTANCE:ilmb_cntlr -
/usr/userfs/d/drm511/embs/embs-summer/bsp/system.mhs line 104 - Copying cache
implementation netlist
IPNAME:bram_block INSTANCE:lmb_bram -
/usr/userfs/d/drm511/embs/embs-summer/bsp/system.mhs line 113 - Copying cache
implementation netlist
IPNAME:xps_uartlite INSTANCE:rs232_dte -
/usr/userfs/d/drm511/embs/embs-summer/bsp/system.mhs line 120 - Copying cache
implementation netlist
IPNAME:xps_gpio INSTANCE:leds_8bit -
/usr/userfs/d/drm511/embs/embs-summer/bsp/system.mhs line 134 - Copying cache
implementation netlist
IPNAME:xps_gpio INSTANCE:dip_switches_4bit -
/usr/userfs/d/drm511/embs/embs-summer/bsp/system.mhs line 147 - Copying cache
implementation netlist
IPNAME:xps_gpio INSTANCE:buttons_4bit -
/usr/userfs/d/drm511/embs/embs-summer/bsp/system.mhs line 160 - Copying cache
implementation netlist
IPNAME:mpmc INSTANCE:ddr_sdram -
/usr/userfs/d/drm511/embs/embs-summer/bsp/system.mhs line 173 - Copying cache
implementation netlist
IPNAME:xps_ethernetlite INSTANCE:ethernet_mac -
/usr/userfs/d/drm511/embs/embs-summer/bsp/system.mhs line 205 - Copying cache
implementation netlist
IPNAME:mdm INSTANCE:mdm_0 - /usr/userfs/d/drm511/embs/embs-summer/bsp/system.mhs
line 254 - Copying cache implementation netlist
IPNAME:proc_sys_reset INSTANCE:proc_sys_reset_0 -
/usr/userfs/d/drm511/embs/embs-summer/bsp/system.mhs line 266 - Copying cache
implementation netlist
IPNAME:embs_vga INSTANCE:embs_vga_0 -
/usr/userfs/d/drm511/embs/embs-summer/bsp/system.mhs line 280 - Copying cache
implementation netlist
IPNAME:toplevel_top INSTANCE:toplevel_top_0 -
/usr/userfs/d/drm511/embs/embs-summer/bsp/system.mhs line 297 - Copying cache
implementation netlist

Elaborating instances ...
IPNAME:bram_block INSTANCE:lmb_bram -
/usr/userfs/d/drm511/embs/embs-summer/bsp/system.mhs line 113 - elaborating IP
IPNAME:clock_generator INSTANCE:clock_generator_0 -
/usr/userfs/d/drm511/embs/embs-summer/bsp/system.mhs line 224 - elaborating IP
ClkGen elaborate status: PASSED
----------------------------------------
----------------------------------------

Writing HDL for elaborated instances ...

Inserting wrapper level ...
Completion time: 1.00 seconds

Constructing platform-level connectivity ...
WARNING:EDK:4059 - INSTANCE: toplevel_top_0, Overriding connection of PORT:
   aresetn, VALUE: proc_sys_reset_0_Peripheral_aresetn - which is part of the
   connected BUSIF: input_V_V -
   /usr/userfs/d/drm511/embs/embs-summer/bsp/system.mhs line 297
Completion time: 1.00 seconds

Writing (top-level) BMM ...

Writing (top-level and wrappers) HDL ...

Generating synthesis project file ...

Running XST synthesis ...

INFO:EDK:4211 - The following instances are synthesized with XST. The MPD option
   IMP_NETLIST=TRUE indicates that a NGC file is to be produced using XST
   synthesis. IMP_NETLIST=FALSE (default) instances are not synthesized. 
INFO:EDK:4194 - Running XST parallelly on 2 processors
INSTANCE:clock_generator_0 -
/usr/userfs/d/drm511/embs/embs-summer/bsp/system.mhs line 224 - Running XST
synthesis
INSTANCE:toplevel_top_0 - /usr/userfs/d/drm511/embs/embs-summer/bsp/system.mhs
line 297 - Running XST synthesis

Running NGCBUILD ...
IPNAME:system_clock_generator_0_wrapper INSTANCE:clock_generator_0 -
/usr/userfs/d/drm511/embs/embs-summer/bsp/system.mhs line 224 - Running NGCBUILD
INFO:EDK:3509 - NCF files should not be modified as they will be regenerated.
   If any constraint needs to be overridden, this should be done by modifying
   the data/system.ucf file.

Rebuilding cache ...

Total run time: 66.00 seconds
