WARNING:EDK:878 - Could not find IP doc
   http://www.xilinx.com/cgi-bin/docs/ipdoc?c=lmb_v10;v=v2_00_b;d=pg087-lmb-v10.
   pdf
WARNING:EDK:878 - Could not find IP doc
   http://www.xilinx.com/cgi-bin/docs/ipdoc?c=lmb_v10;v=v2_00_b;d=pg087-lmb-v10.
   pdf
WARNING:EDK:878 - Could not find IP doc
   http://www.xilinx.com/cgi-bin/docs/ipdoc?c=lmb_bram_if_cntlr;v=v3_10_b;d=pg06
   1-lmb-bram-if-cntlr.pdf
WARNING:EDK:878 - Could not find IP doc
   http://www.xilinx.com/cgi-bin/docs/ipdoc?c=lmb_bram_if_cntlr;v=v3_10_b;d=pg06
   1-lmb-bram-if-cntlr.pdf
WARNING:EDK:878 - Could not find IP doc
   http://www.xilinx.com/cgi-bin/docs/ipdoc?c=bram_block;v=v1_00_a;d=bram_block.
   pdf
WARNING:EDK:878 - Could not find IP doc
   http://www.xilinx.com/cgi-bin/docs/ipdoc?c=clock_generator;v=v4_03_a;d=clock_
   generator.pdf
WARNING:EDK:878 - Could not find IP doc
   http://www.xilinx.com/cgi-bin/docs/ipdoc?c=mdm;v=v2_10_a;d=pg062-mdm.pdf
Generated Block Diagram.
Rasterizing microblaze_0.jpg.....
org.apache.batik.transcoder.TranscoderException: null
Enclosed Exception:
file:/usr/userfs/d/drm511/embs/embs-summer/bsp/__xps/.dswkshop/microblaze_0.svg:
-1
Cannot find the referenced element:
"#AXIS_busconn_TARGET"
specified on the element <use> - may be a problem of id
	at org.apache.batik.transcoder.SVGAbstractTranscoder.transcode(Unknown Source)
	at org.apache.batik.transcoder.image.ImageTranscoder.transcode(Unknown Source)
	at org.apache.batik.transcoder.XMLAbstractTranscoder.transcode(Unknown Source)
	at org.apache.batik.transcoder.SVGAbstractTranscoder.transcode(Unknown Source)
	at MdtSvgDiag_Rasterize._rasterizeIMG(MdtSvgDiag_Rasterize.java:156)
	at MdtSvgDiag_Rasterize.batchMode(MdtSvgDiag_Rasterize.java:91)
	at MdtSvgDiag_Rasterize.main(MdtSvgDiag_Rasterize.java:24)
Report generated.
Report generation completed.
