/usr/userfs/d/drm511/embs/embs-summer/bsp/implementation/system.ngc 1400148450
/usr/userfs/d/drm511/embs/embs-summer/bsp/implementation/system_microblaze_0_wrapper.ngc 1400148256
/usr/userfs/d/drm511/embs/embs-summer/bsp/implementation/system_mb_plb_wrapper.ngc 1400148245
/usr/userfs/d/drm511/embs/embs-summer/bsp/implementation/system_ilmb_wrapper.ngc 1400148261
/usr/userfs/d/drm511/embs/embs-summer/bsp/implementation/system_dlmb_wrapper.ngc 1400148267
/usr/userfs/d/drm511/embs/embs-summer/bsp/implementation/system_dlmb_cntlr_wrapper.ngc 1400148245
/usr/userfs/d/drm511/embs/embs-summer/bsp/implementation/system_ilmb_cntlr_wrapper.ngc 1400148246
/usr/userfs/d/drm511/embs/embs-summer/bsp/implementation/system_lmb_bram_wrapper.ngc 1400148246
/usr/userfs/d/drm511/embs/embs-summer/bsp/implementation/system_rs232_dte_wrapper.ngc 1400148246
/usr/userfs/d/drm511/embs/embs-summer/bsp/implementation/system_leds_8bit_wrapper.ngc 1400148246
/usr/userfs/d/drm511/embs/embs-summer/bsp/implementation/system_dip_switches_4bit_wrapper.ngc 1400148246
/usr/userfs/d/drm511/embs/embs-summer/bsp/implementation/system_buttons_4bit_wrapper.ngc 1400148247
/usr/userfs/d/drm511/embs/embs-summer/bsp/implementation/system_ddr_sdram_wrapper.ngc 1400148272
/usr/userfs/d/drm511/embs/embs-summer/bsp/implementation/system_ethernet_mac_wrapper.ngc 1400148282
/usr/userfs/d/drm511/embs/embs-summer/bsp/implementation/system_clock_generator_0_wrapper.ngc 1400148287
/usr/userfs/d/drm511/embs/embs-summer/bsp/implementation/system_mdm_0_wrapper.ngc 1400148249
/usr/userfs/d/drm511/embs/embs-summer/bsp/implementation/system_proc_sys_reset_0_wrapper.ngc 1400148249
/usr/userfs/d/drm511/embs/embs-summer/bsp/implementation/system_embs_vga_0_wrapper.ngc 1400148292
/usr/userfs/d/drm511/embs/embs-summer/bsp/implementation/system_toplevel_top_0_wrapper.ngc 1400148250
OK
